2023-08-16 10:12:49,726 [INFO] Activator:176 - 


2023-08-16 10:12:49,733 [INFO] Activator:177 - !SESSION log4j initialized
2023-08-16 10:12:58,905 [INFO] LogOutputStream:77 - [STDOUT_REDIRECT] 
2023-08-16 10:13:01,209 [INFO] ApplicationProperties:184 - Using Application install path: /home/nilo/st/stm32cubeide_1.13.1/plugins/com.st.stm32cube.common.mx_6.9.1.202307191849
2023-08-16 10:13:01,271 [INFO] DbMcusXml:78 - Set database path to: /home/nilo/st/stm32cubeide_1.13.1/plugins/com.st.stm32cube.common.mx_6.9.1.202307191849//db//mcu/
2023-08-16 10:13:01,271 [INFO] ApiDb:274 - Set plugin database path to: /home/nilo/st/stm32cubeide_1.13.1/plugins/com.st.stm32cube.common.mx_6.9.1.202307191849//db//plugins/boardmanager/
2023-08-16 10:13:01,272 [WARN] ApiDb:259 - Overriding images path with different value:  => /home/nilo/st/stm32cubeide_1.13.1/plugins/com.st.stm32cube.common.mx_6.9.1.202307191849//db//plugins/mcufinder/images/
2023-08-16 10:13:01,325 [INFO] ApiDb:250 - Set database path to: /home/nilo/.stmcufinder/plugins/mcufinder//mcu/
2023-08-16 10:13:01,328 [INFO] DbMcusAds:125 - Set database path to: /home/nilo/.stmcufinder/plugins/mcufinder//mcu/
2023-08-16 10:13:01,340 [INFO] CrossReferenceDbSqlite:203 - Set database path to: /home/nilo/.stmcufinder/plugins/mcufinder//mcu/cs/
2023-08-16 10:13:01,828 [INFO] RulesReader:64 - Compatibility file has been processed (293 Rules)
2023-08-16 10:13:02,062 [INFO] DbMcusXml:78 - Set database path to: /home/nilo/st/stm32cubeide_1.13.1/plugins/com.st.stm32cube.common.mx_6.9.1.202307191849//db//mcu/
2023-08-16 10:13:02,062 [INFO] ApiDb:274 - Set plugin database path to: /home/nilo/st/stm32cubeide_1.13.1/plugins/com.st.stm32cube.common.mx_6.9.1.202307191849//db//plugins/boardmanager/
2023-08-16 10:13:02,063 [INFO] ApiDb:261 - Set plugin images path to: /home/nilo/st/stm32cubeide_1.13.1/plugins/com.st.stm32cube.common.mx_6.9.1.202307191849//db//plugins/mcufinder/images/
2023-08-16 10:13:02,063 [WARN] DbFile:41 - Overriding database path with different value: /home/nilo/.stmcufinder/plugins/mcufinder/ => /home/nilo/.stmcufinder/plugins/mcufinder
2023-08-16 10:13:02,064 [INFO] ApiDb:250 - Set database path to: /home/nilo/.stmcufinder/plugins/mcufinder//mcu/
2023-08-16 10:13:02,064 [WARN] DbFile:41 - Overriding database path with different value: /home/nilo/.stmcufinder/plugins/mcufinder/ => /home/nilo/.stmcufinder/plugins/mcufinder
2023-08-16 10:13:02,064 [INFO] DbMcusAds:125 - Set database path to: /home/nilo/.stmcufinder/plugins/mcufinder//mcu/
2023-08-16 10:13:02,064 [WARN] DbFile:41 - Overriding database path with different value: /home/nilo/.stmcufinder/plugins/mcufinder/ => /home/nilo/.stmcufinder/plugins/mcufinder
2023-08-16 10:13:02,064 [WARN] DbFile:41 - Overriding database path with different value: /home/nilo/.stmcufinder/plugins/mcufinder/ => /home/nilo/.stmcufinder/plugins/mcufinder
2023-08-16 10:13:02,064 [INFO] CrossReferenceDbSqlite:203 - Set database path to: /home/nilo/.stmcufinder/plugins/mcufinder//mcu/cs/
2023-08-16 10:13:02,383 [INFO] MainPanel:262 - HeapMemory: 268435456
2023-08-16 10:13:02,834 [INFO] DbMcusXml:78 - Set database path to: /home/nilo/st/stm32cubeide_1.13.1/plugins/com.st.stm32cube.common.mx_6.9.1.202307191849//db//mcu/
2023-08-16 10:13:02,835 [INFO] ApiDb:274 - Set plugin database path to: /home/nilo/st/stm32cubeide_1.13.1/plugins/com.st.stm32cube.common.mx_6.9.1.202307191849//db//plugins/boardmanager/
2023-08-16 10:13:02,835 [INFO] ApiDb:261 - Set plugin images path to: /home/nilo/st/stm32cubeide_1.13.1/plugins/com.st.stm32cube.common.mx_6.9.1.202307191849//db//plugins/mcufinder/images/
2023-08-16 10:13:02,837 [WARN] DbFile:41 - Overriding database path with different value: /home/nilo/.stmcufinder/plugins/mcufinder/ => /home/nilo/.stmcufinder/plugins/mcufinder
2023-08-16 10:13:02,837 [INFO] ApiDb:250 - Set database path to: /home/nilo/.stmcufinder/plugins/mcufinder//mcu/
2023-08-16 10:13:02,837 [WARN] DbFile:41 - Overriding database path with different value: /home/nilo/.stmcufinder/plugins/mcufinder/ => /home/nilo/.stmcufinder/plugins/mcufinder
2023-08-16 10:13:02,837 [INFO] DbMcusAds:125 - Set database path to: /home/nilo/.stmcufinder/plugins/mcufinder//mcu/
2023-08-16 10:13:02,838 [WARN] DbFile:41 - Overriding database path with different value: /home/nilo/.stmcufinder/plugins/mcufinder/ => /home/nilo/.stmcufinder/plugins/mcufinder
2023-08-16 10:13:02,838 [WARN] DbFile:41 - Overriding database path with different value: /home/nilo/.stmcufinder/plugins/mcufinder/ => /home/nilo/.stmcufinder/plugins/mcufinder
2023-08-16 10:13:02,838 [INFO] CrossReferenceDbSqlite:203 - Set database path to: /home/nilo/.stmcufinder/plugins/mcufinder//mcu/cs/
2023-08-16 10:13:02,899 [INFO] ApplicationProperties:184 - Using Application install path: /home/nilo/st/stm32cubeide_1.13.1/plugins/com.st.stm32cube.common.mx_6.9.1.202307191849
2023-08-16 10:13:02,906 [INFO] PluginManage:196 - Search for loadable plugins [exclusion list=, ]
2023-08-16 10:13:02,955 [INFO] PluginManage:310 - Check plugin analytics
2023-08-16 10:13:03,787 [INFO] AnalyticsPlugin:253 - Accepted Software Licenses: 
2023-08-16 10:13:03,787 [INFO] AnalyticsPlugin:255 - Accepted CMSIS Pack Licenses: 
2023-08-16 10:13:03,788 [INFO] AnalyticsPlugin:257 - Accepted Firmware Licenses: 
2023-08-16 10:13:03,794 [INFO] PluginManage:359 - Loaded plugin analytics (category:tool,tabindex:-1)
2023-08-16 10:13:03,794 [INFO] PluginManage:310 - Check plugin cadmodel
2023-08-16 10:13:03,810 [INFO] CADModel:105 - Init CAD model plugin
2023-08-16 10:13:03,810 [INFO] PluginManage:359 - Loaded plugin cadmodel (category:power,tabindex:5)
2023-08-16 10:13:03,811 [INFO] PluginManage:310 - Check plugin clock
2023-08-16 10:13:03,850 [INFO] PluginManage:359 - Loaded plugin clock (category:base,tabindex:2)
2023-08-16 10:13:03,851 [INFO] PluginManage:310 - Check plugin ddr
2023-08-16 10:13:03,858 [INFO] PluginManage:359 - Loaded plugin ddr (category:tool,tabindex:6)
2023-08-16 10:13:03,858 [INFO] PluginManage:310 - Check plugin filemanager
2023-08-16 10:13:04,404 [INFO] PluginManage:359 - Loaded plugin filemanager (category:base,tabindex:10)
2023-08-16 10:13:04,404 [INFO] PluginManage:310 - Check plugin ipmanager
2023-08-16 10:13:04,445 [INFO] PluginManage:359 - Loaded plugin ipmanager (category:base,tabindex:5)
2023-08-16 10:13:04,446 [INFO] PluginManage:310 - Check plugin lpbam
2023-08-16 10:13:04,513 [INFO] PluginManage:359 - Loaded plugin lpbam (category:base,tabindex:0)
2023-08-16 10:13:04,514 [INFO] PluginManage:310 - Check plugin memorymap
2023-08-16 10:13:04,550 [INFO] PluginManage:359 - Loaded plugin memorymap (category:base,tabindex:4)
2023-08-16 10:13:04,550 [INFO] PluginManage:310 - Check plugin pinoutandconfiguration
2023-08-16 10:13:04,569 [INFO] PluginManage:359 - Loaded plugin pinoutandconfiguration (category:base,tabindex:1)
2023-08-16 10:13:04,569 [INFO] PluginManage:310 - Check plugin pinoutconfig
2023-08-16 10:13:04,894 [WARN] SupportedApi:132 - Cannot load RTOS API schema: s4s-elt-must-match.1: The content of 'definitions' must match (annotation?, (simpleType | complexType)?, (unique | key | keyref)*)). A problem was found starting at: attribute.
2023-08-16 10:13:05,460 [INFO] PluginManage:359 - Loaded plugin pinoutconfig (category:base,tabindex:0)
2023-08-16 10:13:05,460 [INFO] PluginManage:310 - Check plugin power
2023-08-16 10:13:05,487 [INFO] PluginManage:359 - Loaded plugin power (category:power,tabindex:4)
2023-08-16 10:13:05,487 [INFO] PluginManage:310 - Check plugin projectmanager
2023-08-16 10:13:05,536 [INFO] PluginManage:359 - Loaded plugin projectmanager (category:projectmanager,tabindex:3)
2023-08-16 10:13:05,536 [INFO] PluginManage:310 - Check plugin thirdparty
2023-08-16 10:13:05,859 [INFO] PluginManage:359 - Loaded plugin thirdparty (category:base,tabindex:-1)
2023-08-16 10:13:05,859 [INFO] PluginManage:310 - Check plugin tools
2023-08-16 10:13:05,860 [WARN] IntegrityCheckThread:84 - waiting for thirdparty lock release [integrity check]
2023-08-16 10:13:05,862 [INFO] IntegrityCheckThread:86 - entering critical section [integrity check]
2023-08-16 10:13:05,863 [INFO] ThirdPartyUpdaterWithRetryManager:70 - Updater plugin not ready yet. [1/15]
2023-08-16 10:13:05,865 [INFO] PluginManage:359 - Loaded plugin tools (category:base,tabindex:7)
2023-08-16 10:13:05,865 [INFO] PluginManage:310 - Check plugin tutovideos
2023-08-16 10:13:06,252 [INFO] PluginManage:359 - Loaded plugin tutovideos (category:base,tabindex:-1)
2023-08-16 10:13:06,253 [INFO] PluginManage:310 - Check plugin updater
2023-08-16 10:13:06,280 [INFO] PluginManage:359 - Loaded plugin updater (category:base,tabindex:12)
2023-08-16 10:13:06,281 [INFO] PluginManage:310 - Check plugin userauth
2023-08-16 10:13:06,290 [INFO] UserAuth:113 - Init User Auth plugin
2023-08-16 10:13:06,290 [INFO] PluginManage:359 - Loaded plugin userauth (category:base,tabindex:14)
2023-08-16 10:13:06,291 [INFO] PluginManage:283 - PluginManage : Loaded plugins [17]
2023-08-16 10:13:06,902 [INFO] PinOutPanel:1499 - setPackage(No Configuration,No Configuration)
2023-08-16 10:13:07,385 [INFO] CADModel:165 - CPN selected for project level
2023-08-16 10:13:07,386 [INFO] CADModel:114 - Register for checkConnection events
2023-08-16 10:13:07,407 [INFO] IPUIPlugin:80 - create IPUIPlugin
2023-08-16 10:13:07,408 [INFO] PluginManager:220 - loadIPPluginJar : add quadspi
2023-08-16 10:13:07,417 [INFO] IPUIPlugin:80 - create IPUIPlugin
2023-08-16 10:13:07,418 [INFO] PluginManager:220 - loadIPPluginJar : add tsc
2023-08-16 10:13:07,423 [INFO] IPUIPlugin:80 - create IPUIPlugin
2023-08-16 10:13:07,424 [INFO] PluginManager:220 - loadIPPluginJar : add genericplugin
2023-08-16 10:13:07,440 [INFO] IPUIPlugin:80 - create IPUIPlugin
2023-08-16 10:13:07,441 [INFO] PluginManager:220 - loadIPPluginJar : add i3c
2023-08-16 10:13:07,447 [INFO] IPUIPlugin:80 - create IPUIPlugin
2023-08-16 10:13:07,447 [INFO] PluginManager:220 - loadIPPluginJar : add lorawan
2023-08-16 10:13:07,453 [INFO] IPUIPlugin:80 - create IPUIPlugin
2023-08-16 10:13:07,453 [INFO] PluginManager:220 - loadIPPluginJar : add touchsensing
2023-08-16 10:13:07,464 [INFO] IPUIPlugin:80 - create IPUIPlugin
2023-08-16 10:13:07,465 [INFO] PluginManager:220 - loadIPPluginJar : add dma
2023-08-16 10:13:07,478 [INFO] IPUIPlugin:80 - create IPUIPlugin
2023-08-16 10:13:07,478 [INFO] PluginManager:220 - loadIPPluginJar : add fmc
2023-08-16 10:13:07,482 [INFO] IPUIPlugin:80 - create IPUIPlugin
2023-08-16 10:13:07,482 [INFO] PluginManager:220 - loadIPPluginJar : add spi
2023-08-16 10:13:07,488 [INFO] IPUIPlugin:80 - create IPUIPlugin
2023-08-16 10:13:07,488 [INFO] PluginManager:220 - loadIPPluginJar : add usart
2023-08-16 10:13:07,492 [INFO] IPUIPlugin:80 - create IPUIPlugin
2023-08-16 10:13:07,493 [INFO] PluginManager:220 - loadIPPluginJar : add ts
2023-08-16 10:13:07,512 [INFO] IPUIPlugin:80 - create IPUIPlugin
2023-08-16 10:13:07,517 [INFO] PluginManager:220 - loadIPPluginJar : add plateformsettings
2023-08-16 10:13:07,524 [INFO] IPUIPlugin:80 - create IPUIPlugin
2023-08-16 10:13:07,524 [INFO] PluginManager:220 - loadIPPluginJar : add can
2023-08-16 10:13:07,530 [INFO] IPUIPlugin:80 - create IPUIPlugin
2023-08-16 10:13:07,530 [INFO] PluginManager:220 - loadIPPluginJar : add opamp
2023-08-16 10:13:07,535 [INFO] IPUIPlugin:80 - create IPUIPlugin
2023-08-16 10:13:07,535 [INFO] PluginManager:220 - loadIPPluginJar : add gfxmmu
2023-08-16 10:13:07,542 [INFO] IPUIPlugin:80 - create IPUIPlugin
2023-08-16 10:13:07,542 [INFO] PluginManager:220 - loadIPPluginJar : add comp
2023-08-16 10:13:07,550 [INFO] IPUIPlugin:80 - create IPUIPlugin
2023-08-16 10:13:07,550 [INFO] PluginManager:220 - loadIPPluginJar : add dfsdm
2023-08-16 10:13:07,555 [INFO] IPUIPlugin:80 - create IPUIPlugin
2023-08-16 10:13:07,556 [INFO] PluginManager:220 - loadIPPluginJar : add usbx
2023-08-16 10:13:07,561 [INFO] IPUIPlugin:80 - create IPUIPlugin
2023-08-16 10:13:07,561 [INFO] PluginManager:220 - loadIPPluginJar : add pdm2pcm
2023-08-16 10:13:07,571 [INFO] IPUIPlugin:80 - create IPUIPlugin
2023-08-16 10:13:07,571 [INFO] PluginManager:220 - loadIPPluginJar : add gpio
2023-08-16 10:13:07,584 [INFO] IPUIPlugin:80 - create IPUIPlugin
2023-08-16 10:13:07,584 [INFO] PluginManager:220 - loadIPPluginJar : add openamp
2023-08-16 10:13:07,591 [INFO] IPUIPlugin:80 - create IPUIPlugin
2023-08-16 10:13:07,591 [INFO] PluginManager:220 - loadIPPluginJar : add aes
2023-08-16 10:13:07,595 [INFO] IPUIPlugin:80 - create IPUIPlugin
2023-08-16 10:13:07,595 [INFO] PluginManager:220 - loadIPPluginJar : add hash
2023-08-16 10:13:07,600 [INFO] IPUIPlugin:80 - create IPUIPlugin
2023-08-16 10:13:07,600 [INFO] PluginManager:220 - loadIPPluginJar : add i2s
2023-08-16 10:13:07,604 [INFO] IPUIPlugin:80 - create IPUIPlugin
2023-08-16 10:13:07,604 [INFO] PluginManager:220 - loadIPPluginJar : add tracer_emb
2023-08-16 10:13:07,615 [INFO] IPUIPlugin:80 - create IPUIPlugin
2023-08-16 10:13:07,615 [INFO] PluginManager:220 - loadIPPluginJar : add adc
2023-08-16 10:13:07,631 [INFO] IPUIPlugin:80 - create IPUIPlugin
2023-08-16 10:13:07,632 [INFO] PluginManager:220 - loadIPPluginJar : add freertos
2023-08-16 10:13:07,647 [INFO] IPUIPlugin:80 - create IPUIPlugin
2023-08-16 10:13:07,647 [INFO] PluginManager:220 - loadIPPluginJar : add ucpd
2023-08-16 10:13:07,654 [INFO] IPUIPlugin:80 - create IPUIPlugin
2023-08-16 10:13:07,654 [INFO] PluginManager:220 - loadIPPluginJar : add ipddr
2023-08-16 10:13:07,661 [INFO] IPUIPlugin:80 - create IPUIPlugin
2023-08-16 10:13:07,662 [INFO] PluginManager:220 - loadIPPluginJar : add tim
2023-08-16 10:13:07,679 [INFO] IPUIPlugin:80 - create IPUIPlugin
2023-08-16 10:13:07,680 [INFO] PluginManager:220 - loadIPPluginJar : add resmgrutility
2023-08-16 10:13:07,697 [INFO] IPUIPlugin:80 - create IPUIPlugin
2023-08-16 10:13:07,697 [INFO] PluginManager:220 - loadIPPluginJar : add gtzc
2023-08-16 10:13:07,710 [INFO] IPUIPlugin:80 - create IPUIPlugin
2023-08-16 10:13:07,710 [INFO] PluginManager:220 - loadIPPluginJar : add gic
2023-08-16 10:13:07,720 [INFO] IPUIPlugin:80 - create IPUIPlugin
2023-08-16 10:13:07,721 [INFO] PluginManager:220 - loadIPPluginJar : add linkedlist
2023-08-16 10:13:07,725 [INFO] IPUIPlugin:80 - create IPUIPlugin
2023-08-16 10:13:07,726 [INFO] PluginManager:220 - loadIPPluginJar : add dma3
2023-08-16 10:13:07,731 [INFO] IPUIPlugin:80 - create IPUIPlugin
2023-08-16 10:13:07,731 [INFO] PluginManager:220 - loadIPPluginJar : add sai
2023-08-16 10:13:07,735 [INFO] IPUIPlugin:80 - create IPUIPlugin
2023-08-16 10:13:07,736 [INFO] PluginManager:220 - loadIPPluginJar : add ltdc
2023-08-16 10:13:07,739 [INFO] IPUIPlugin:80 - create IPUIPlugin
2023-08-16 10:13:07,739 [INFO] PluginManager:220 - loadIPPluginJar : add fatfs
2023-08-16 10:13:07,744 [INFO] IPUIPlugin:80 - create IPUIPlugin
2023-08-16 10:13:07,744 [INFO] PluginManager:220 - loadIPPluginJar : add i2c
2023-08-16 10:13:07,754 [INFO] IPUIPlugin:80 - create IPUIPlugin
2023-08-16 10:13:07,754 [INFO] PluginManager:220 - loadIPPluginJar : add mdma
2023-08-16 10:13:07,762 [INFO] IPUIPlugin:80 - create IPUIPlugin
2023-08-16 10:13:07,762 [INFO] PluginManager:220 - loadIPPluginJar : add stm32_wpan
2023-08-16 10:13:07,766 [INFO] IPUIPlugin:80 - create IPUIPlugin
2023-08-16 10:13:07,766 [INFO] PluginManager:220 - loadIPPluginJar : add cryp
2023-08-16 10:13:07,772 [INFO] IPUIPlugin:80 - create IPUIPlugin
2023-08-16 10:13:07,773 [INFO] PluginManager:220 - loadIPPluginJar : add nvic
2023-08-16 10:13:07,894 [INFO] CADModel:165 - CPN selected for project level
2023-08-16 10:13:07,894 [INFO] CADModel:114 - Register for checkConnection events
2023-08-16 10:13:07,894 [FATAL] Updater:308 - Updater called before beeing initialized
2023-08-16 10:13:07,895 [ERROR] CADModel:125 - Updater not yet initialized, retry later 
2023-08-16 10:13:08,176 [INFO] CADModel:165 - CPN selected for project level
2023-08-16 10:13:08,176 [INFO] CADModel:114 - Register for checkConnection events
2023-08-16 10:13:08,177 [FATAL] Updater:308 - Updater called before beeing initialized
2023-08-16 10:13:08,177 [ERROR] CADModel:125 - Updater not yet initialized, retry later 
2023-08-16 10:13:08,185 [FATAL] Updater:308 - Updater called before beeing initialized
2023-08-16 10:13:08,349 [FATAL] Updater:308 - Updater called before beeing initialized
2023-08-16 10:13:08,361 [INFO] DbMcusAds:53 - JSON generation date=Thu Sep 30 03:55:09 BRT 2021 (1632984909247)
2023-08-16 10:13:08,361 [FATAL] Updater:308 - Updater called before beeing initialized
2023-08-16 10:13:08,422 [WARN] DetailPanel:346 - Failed to get advertising image, set to default
2023-08-16 10:13:08,590 [FATAL] Updater:308 - Updater called before beeing initialized
2023-08-16 10:13:08,594 [FATAL] Updater:308 - Updater called before beeing initialized
2023-08-16 10:13:08,594 [FATAL] Updater:308 - Updater called before beeing initialized
2023-08-16 10:13:08,594 [WARN] DetailPanel:346 - Failed to get advertising image, set to default
2023-08-16 10:13:08,596 [FATAL] Updater:308 - Updater called before beeing initialized
2023-08-16 10:13:08,657 [ERROR] Updater:1120 - MainUpdater not yet initialized. External WinMGr cannot be set.
2023-08-16 10:13:08,660 [INFO] Updater:1056 - Updater Version found : 6.9.1
2023-08-16 10:13:08,693 [INFO] ApplicationProperties:184 - Using Application install path: /home/nilo/st/stm32cubeide_1.13.1/plugins/com.st.stm32cube.common.mx_6.9.1.202307191849
2023-08-16 10:13:08,864 [INFO] ThirdPartyUpdaterWithRetryManager:70 - Updater plugin not ready yet. [2/15]
2023-08-16 10:13:08,932 [INFO] MainUpdater:2868 - connection check result : 10
2023-08-16 10:13:08,934 [INFO] MainUpdater:285 - Updater Check For Update Now.
2023-08-16 10:13:08,934 [INFO] MicroXplorer:498 - Change Database Version : DB.6.0.91
2023-08-16 10:13:08,944 [INFO] McuFinderGlobals:63 - Set McuFinder mode to 2 (CubeIDE integrated)
2023-08-16 10:13:08,945 [INFO] UserAuth:179 - activating auth plugin
2023-08-16 10:13:08,959 [INFO] UserAuth:393 - Internet connection configuration mode: 1
2023-08-16 10:13:08,992 [INFO] JxBrowserEngine:151 - Initiate JxBrowser Engine with user profile folder
2023-08-16 10:13:09,233 [INFO] CheckServerUpdateThread:120 - End of CheckServer Thread
2023-08-16 10:13:11,644 [INFO] WebApp:157 - Instantiating new browser for Auth
2023-08-16 10:13:12,462 [WARN] PackLoader:240 - Cannot read IP mode file for STMicroelectronics.X-CUBE-SMBUS.2.1.0
2023-08-16 10:13:12,606 [WARN] PackLoader:240 - Cannot read IP mode file for STMicroelectronics.X-CUBE-AZRTOS-F7.1.1.0
2023-08-16 10:13:12,642 [WARN] PackLoader:240 - Cannot read IP mode file for STMicroelectronics.FP-SNS-MOTENV1.4.3.2
2023-08-16 10:13:12,664 [WARN] PackLoader:240 - Cannot read IP mode file for STMicroelectronics.X-CUBE-BLE1.6.2.3
2023-08-16 10:13:12,683 [WARN] PackLoader:240 - Cannot read IP mode file for STMicroelectronics.X-CUBE-BLE1.6.2.4
2023-08-16 10:13:12,698 [WARN] PackLoader:240 - Cannot read IP mode file for STMicroelectronics.FP-SNS-FLIGHT1.5.0.2
2023-08-16 10:13:12,724 [WARN] PackLoader:240 - Cannot read IP mode file for STMicroelectronics.X-CUBE-TOF1.3.1.0
2023-08-16 10:13:12,791 [WARN] PackLoader:240 - Cannot read IP mode file for STMicroelectronics.X-CUBE-DISPLAY.3.0.0
2023-08-16 10:13:12,819 [WARN] PackLoader:240 - Cannot read IP mode file for STMicroelectronics.X-CUBE-BLE1.7.0.0
2023-08-16 10:13:12,833 [WARN] PackLoader:240 - Cannot read IP mode file for STMicroelectronics.X-CUBE-TOUCHGFX.4.22.0
2023-08-16 10:13:13,115 [WARN] PackLoader:240 - Cannot read IP mode file for STMicroelectronics.X-CUBE-MEMS1.9.3.0
2023-08-16 10:13:13,608 [WARN] PackLoader:240 - Cannot read IP mode file for STMicroelectronics.X-CUBE-AI.7.2.0
2023-08-16 10:13:13,632 [INFO] LogOutputStream:77 - [STDOUT_REDIRECT] 1 : Invalid condition id : UX_CORESTACK_Condition cause : null
2023-08-16 10:13:13,633 [INFO] LogOutputStream:77 - [STDOUT_REDIRECT] 1 : Invalid condition id : UX_CORESTACK_Condition cause : null
2023-08-16 10:13:13,633 [INFO] LogOutputStream:77 - [STDOUT_REDIRECT] 1 : Invalid condition id : UX_CORESTACK_Condition cause : null
2023-08-16 10:13:13,634 [INFO] LogOutputStream:77 - [STDOUT_REDIRECT] 1 : Invalid condition id : UX_CORESTACK_Condition cause : null
2023-08-16 10:13:13,634 [INFO] LogOutputStream:77 - [STDOUT_REDIRECT] 1 : Invalid condition id : UX_CORESTACK_Condition cause : null
2023-08-16 10:13:13,641 [WARN] PackLoader:240 - Cannot read IP mode file for STMicroelectronics.X-CUBE-AZRTOS-WL.2.0.0
2023-08-16 10:13:13,654 [WARN] PackLoader:240 - Cannot read IP mode file for WES.I-CUBE-Cesium.1.3.0
2023-08-16 10:13:13,679 [WARN] PackLoader:240 - Cannot read IP mode file for STMicroelectronics.X-CUBE-BLE2.3.3.0
2023-08-16 10:13:13,689 [WARN] PackLoader:240 - Cannot read IP mode file for STMicroelectronics.X-CUBE-DISPLAY.2.2.0
2023-08-16 10:13:13,713 [WARN] PackLoader:240 - Cannot read IP mode file for STMicroelectronics.X-CUBE-TOF1.3.2.0
2023-08-16 10:13:13,757 [WARN] PackLoader:240 - Cannot read IP mode file for STMicroelectronics.X-CUBE-ISPU.1.0.0
2023-08-16 10:13:13,813 [INFO] WebApp:753 - Register for checkConnection events
2023-08-16 10:13:13,813 [INFO] WebApp:390 - Apply proxy settings
2023-08-16 10:13:13,813 [INFO] WebApp:475 - Chromium requires no authentication
2023-08-16 10:13:13,816 [WARN] PackLoader:240 - Cannot read IP mode file for STMicroelectronics.X-CUBE-AZRTOS-H7.2.1.0
2023-08-16 10:13:13,828 [INFO] WebApp:418 - Direct internet connection detected
2023-08-16 10:13:13,831 [WARN] PackLoader:240 - Cannot read IP mode file for STMicroelectronics.X-CUBE-TOUCHGFX.4.21.1
2023-08-16 10:13:13,854 [WARN] PackLoader:240 - Cannot read IP mode file for STMicroelectronics.X-CUBE-TOUCHGFX.4.21.0
2023-08-16 10:13:14,003 [WARN] PackLoader:240 - Cannot read IP mode file for STMicroelectronics.X-CUBE-MEMS1.9.4.0
2023-08-16 10:13:14,388 [WARN] PackLoader:240 - Cannot read IP mode file for STMicroelectronics.X-CUBE-AI.7.3.0
2023-08-16 10:13:14,397 [WARN] PackLoader:240 - Cannot read IP mode file for STMicroelectronics.X-CUBE-ALGOBUILD.1.3.0
2023-08-16 10:13:14,446 [INFO] WebApp:188 - Starting web application
2023-08-16 10:13:14,446 [INFO] WebApp:520 - Web application path used /home/nilo/st/stm32cubeide_1.13.1/plugins/com.st.stm32cube.common.mx_6.9.1.202307191849/db/plugins/mcufinder/reactClient1/index.html
2023-08-16 10:13:14,449 [WARN] PackLoader:240 - Cannot read IP mode file for STMicroelectronics.X-CUBE-AZRTOS-G0.1.1.0
2023-08-16 10:13:14,460 [WARN] PackLoader:240 - Cannot read IP mode file for STMicroelectronics.X-CUBE-NFC4.3.0.0
2023-08-16 10:13:14,570 [WARN] PackLoader:240 - Cannot read IP mode file for SEGGER.I-CUBE-embOS.1.2.0
2023-08-16 10:13:14,629 [WARN] PackLoader:240 - Cannot read IP mode file for STMicroelectronics.X-CUBE-BLEMGR.1.3.0
2023-08-16 10:13:14,636 [WARN] PackLoader:240 - Cannot read IP mode file for STMicroelectronics.FP-ATR-SIGFOX1.3.2.0
2023-08-16 10:13:14,647 [WARN] PackLoader:240 - Cannot read IP mode file for emotas.I-CUBE-CANOPEN.1.1.2
2023-08-16 10:13:14,653 [WARN] PackLoader:240 - Cannot read IP mode file for STMicroelectronics.X-CUBE-TOUCHGFX.4.20.0
2023-08-16 10:13:14,783 [WARN] PackLoader:240 - Cannot read IP mode file for STMicroelectronics.X-CUBE-MEMS1.9.5.0
2023-08-16 10:13:15,251 [WARN] PackLoader:240 - Cannot read IP mode file for SEGGER.I-CUBE-embOS.1.3.1
2023-08-16 10:13:15,331 [WARN] PackLoader:240 - Cannot read IP mode file for STMicroelectronics.X-CUBE-GNSS1.6.0.0
2023-08-16 10:13:15,389 [WARN] PackLoader:240 - Cannot read IP mode file for STMicroelectronics.X-CUBE-AZRTOS-F4.1.1.0
2023-08-16 10:13:15,417 [WARN] PackLoader:240 - Cannot read IP mode file for STMicroelectronics.X-CUBE-BLEMGR.1.2.0
2023-08-16 10:13:15,455 [WARN] PackLoader:240 - Cannot read IP mode file for STMicroelectronics.X-CUBE-AZRTOS-L5.2.0.0
2023-08-16 10:13:15,559 [WARN] PackLoader:240 - Cannot read IP mode file for STMicroelectronics.X-CUBE-MEMS1.9.6.0
2023-08-16 10:13:15,854 [WARN] PackLoader:240 - Cannot read IP mode file for STMicroelectronics.X-CUBE-BLEMGR.2.0.0
2023-08-16 10:13:15,863 [WARN] PackLoader:240 - Cannot read IP mode file for STMicroelectronics.X-CUBE-NFC4.2.0.5
2023-08-16 10:13:15,871 [WARN] PackLoader:240 - Cannot read IP mode file for STMicroelectronics.X-CUBE-NFC4.2.0.4
2023-08-16 10:13:15,904 [WARN] ConditionMgr:438 - getConditionDescription Invalid condition id : UX DEVICE CLASS RTOS Condition cause : null
2023-08-16 10:13:15,905 [WARN] ConditionMgr:438 - getConditionDescription Invalid condition id : UX DEVICE CLASS RTOS Condition cause : null
2023-08-16 10:13:15,910 [WARN] PackLoader:240 - Cannot read IP mode file for STMicroelectronics.X-CUBE-AZRTOS-H7.3.1.0
2023-08-16 10:13:15,912 [WARN] ConditionMgr:1039 - genDependencies : Invalid condition id : UX DEVICE CLASS RTOS Condition cause : null
2023-08-16 10:13:15,912 [WARN] ConditionMgr:1039 - genDependencies : Invalid condition id : UX DEVICE CLASS RTOS Condition cause : null
2023-08-16 10:13:15,914 [WARN] ConditionMgr:1039 - genDependencies : Invalid condition id : UX DEVICE CLASS RTOS Condition cause : null
2023-08-16 10:13:15,915 [WARN] ConditionMgr:1039 - genDependencies : Invalid condition id : UX DEVICE CLASS RTOS Condition cause : null
2023-08-16 10:13:15,915 [WARN] ConditionMgr:1039 - genDependencies : Invalid condition id : UX DEVICE CLASS RTOS Condition cause : null
2023-08-16 10:13:15,922 [WARN] PackLoader:240 - Cannot read IP mode file for wolfSSL.I-CUBE-wolfSSL.5.5.0
2023-08-16 10:13:15,928 [WARN] PackLoader:240 - Cannot read IP mode file for STMicroelectronics.X-CUBE-NFC7.1.0.1
2023-08-16 10:13:15,936 [WARN] PackLoader:240 - Cannot read IP mode file for STMicroelectronics.X-CUBE-NFC7.1.0.0
2023-08-16 10:13:15,944 [WARN] PackLoader:240 - Cannot read IP mode file for STMicroelectronics.X-CUBE-EEPRMA1.4.1.0
2023-08-16 10:13:15,959 [WARN] PackLoader:240 - Cannot read IP mode file for STMicroelectronics.X-CUBE-AI.8.1.0
2023-08-16 10:13:16,005 [WARN] ConditionMgr:438 - getConditionDescription Invalid condition id : LAN8742 Phy interface Condition cause : null
2023-08-16 10:13:16,007 [WARN] PackLoader:240 - Cannot read IP mode file for STMicroelectronics.X-CUBE-AZRTOS-L4.2.0.0
2023-08-16 10:13:16,013 [WARN] ConditionMgr:1039 - genDependencies : Invalid condition id : LAN8742 Phy interface Condition cause : null
2023-08-16 10:13:16,014 [WARN] ConditionMgr:1039 - genDependencies : Invalid condition id : LAN8742 Phy interface Condition cause : null
2023-08-16 10:13:16,015 [WARN] ConditionMgr:1039 - genDependencies : Invalid condition id : LAN8742 Phy interface Condition cause : null
2023-08-16 10:13:16,049 [WARN] PackLoader:240 - Cannot read IP mode file for STMicroelectronics.X-CUBE-SFXS2LP1.4.0.0
2023-08-16 10:13:16,089 [WARN] PackLoader:240 - Cannot read IP mode file for STMicroelectronics.X-CUBE-AZRTOS-H7.3.0.0
2023-08-16 10:13:16,106 [WARN] PackLoader:240 - Cannot read IP mode file for STMicroelectronics.X-CUBE-ISPU.1.1.0
2023-08-16 10:13:16,118 [WARN] PackLoader:240 - Cannot read IP mode file for RoweBots.I-CUBE-UNISONRTOS.5.5.0-4
2023-08-16 10:13:16,125 [WARN] PackLoader:240 - Cannot read IP mode file for STMicroelectronics.X-CUBE-AI.8.0.0
2023-08-16 10:13:16,163 [WARN] ConditionMgr:438 - getConditionDescription Invalid condition id : UX DEVICE CLASS RTOS Condition cause : null
2023-08-16 10:13:16,164 [WARN] ConditionMgr:438 - getConditionDescription Invalid condition id : UX DEVICE CLASS RTOS Condition cause : null
2023-08-16 10:13:16,167 [WARN] PackLoader:240 - Cannot read IP mode file for STMicroelectronics.X-CUBE-AZRTOS-WB.2.0.0
2023-08-16 10:13:16,168 [WARN] ConditionMgr:1039 - genDependencies : Invalid condition id : UX DEVICE CLASS RTOS Condition cause : null
2023-08-16 10:13:16,168 [WARN] ConditionMgr:1039 - genDependencies : Invalid condition id : UX DEVICE CLASS RTOS Condition cause : null
2023-08-16 10:13:16,169 [WARN] ConditionMgr:1039 - genDependencies : Invalid condition id : UX DEVICE CLASS RTOS Condition cause : null
2023-08-16 10:13:16,170 [WARN] ConditionMgr:1039 - genDependencies : Invalid condition id : UX DEVICE CLASS RTOS Condition cause : null
2023-08-16 10:13:16,170 [WARN] ConditionMgr:1039 - genDependencies : Invalid condition id : UX DEVICE CLASS RTOS Condition cause : null
2023-08-16 10:13:16,196 [WARN] PackLoader:240 - Cannot read IP mode file for STMicroelectronics.X-CUBE-FREERTOS.1.0.1
2023-08-16 10:13:16,210 [WARN] PackLoader:240 - Cannot read IP mode file for STMicroelectronics.X-CUBE-BLEMGR.1.0.0
2023-08-16 10:13:16,274 [WARN] PackLoader:240 - Cannot read IP mode file for STMicroelectronics.X-CUBE-AZRTOS-L5.1.1.0
2023-08-16 10:13:16,299 [WARN] PackLoader:240 - Cannot read IP mode file for STMicroelectronics.X-CUBE-SUBG2.5.0.0
2023-08-16 10:13:16,324 [WARN] PackLoader:240 - Cannot read IP mode file for STMicroelectronics.X-CUBE-TOF1.3.3.1
2023-08-16 10:13:16,363 [WARN] PackLoader:240 - Cannot read IP mode file for STMicroelectronics.X-CUBE-AZRTOS-G4.2.0.0
2023-08-16 10:13:16,371 [WARN] PackLoader:240 - Cannot read IP mode file for STMicroelectronics.FP-ATR-ASTRA1.1.1.1
2023-08-16 10:13:16,398 [WARN] PackLoader:240 - Cannot read IP mode file for STMicroelectronics.X-CUBE-AZRTOS-G4.1.0.0
2023-08-16 10:13:16,435 [WARN] PackLoader:240 - Cannot read IP mode file for STMicroelectronics.X-CUBE-AZRTOS-L4.1.0.0
2023-08-16 10:13:16,462 [WARN] PackLoader:240 - Cannot read IP mode file for STMicroelectronics.X-CUBE-AZRTOS-WL.1.0.0
2023-08-16 10:13:16,470 [WARN] PackLoader:240 - Cannot read IP mode file for portGmbH.I-Cube-SoM-uGOAL.1.1.0
2023-08-16 10:13:16,476 [WARN] PackLoader:240 - Cannot read IP mode file for STMicroelectronics.X-CUBE-ALS.1.0.1
2023-08-16 10:13:16,502 [WARN] PackLoader:240 - Cannot read IP mode file for STMicroelectronics.X-CUBE-AZRTOS-WB.1.1.0
2023-08-16 10:13:16,529 [WARN] PackLoader:240 - Cannot read IP mode file for STMicroelectronics.X-CUBE-AZRTOS-L5.1.0.0
2023-08-16 10:13:16,539 [WARN] PackLoader:240 - Cannot read IP mode file for STMicroelectronics.X-CUBE-EEPRMA1.3.1.1
2023-08-16 10:13:16,544 [WARN] PackLoader:240 - Cannot read IP mode file for STMicroelectronics.FP-ATR-ASTRA1.2.0.0
2023-08-16 10:13:16,547 [INFO] ThirdParty:978 - Integrity check success = true
2023-08-16 10:13:16,547 [INFO] IntegrityCheckThread:100 - exiting critical section [integrity check]
2023-08-16 10:13:16,547 [INFO] IntegrityCheckThread:103 - End integrity checks thread
