2023-08-22 14:54:50,735 [INFO] Activator:176 - 


2023-08-22 14:54:50,742 [INFO] Activator:177 - !SESSION log4j initialized
2023-08-22 14:54:58,415 [INFO] LogOutputStream:77 - [STDOUT_REDIRECT] 
2023-08-22 14:54:59,870 [INFO] ApplicationProperties:184 - Using Application install path: /home/nilo/st/stm32cubeide_1.13.1/plugins/com.st.stm32cube.common.mx_6.9.1.202307191849
2023-08-22 14:54:59,923 [INFO] DbMcusXml:78 - Set database path to: /home/nilo/st/stm32cubeide_1.13.1/plugins/com.st.stm32cube.common.mx_6.9.1.202307191849//db//mcu/
2023-08-22 14:54:59,924 [INFO] ApiDb:274 - Set plugin database path to: /home/nilo/st/stm32cubeide_1.13.1/plugins/com.st.stm32cube.common.mx_6.9.1.202307191849//db//plugins/boardmanager/
2023-08-22 14:54:59,924 [WARN] ApiDb:259 - Overriding images path with different value:  => /home/nilo/st/stm32cubeide_1.13.1/plugins/com.st.stm32cube.common.mx_6.9.1.202307191849//db//plugins/mcufinder/images/
2023-08-22 14:54:59,959 [INFO] ApiDb:250 - Set database path to: /home/nilo/.stmcufinder/plugins/mcufinder//mcu/
2023-08-22 14:54:59,961 [INFO] DbMcusAds:125 - Set database path to: /home/nilo/.stmcufinder/plugins/mcufinder//mcu/
2023-08-22 14:54:59,976 [INFO] CrossReferenceDbSqlite:203 - Set database path to: /home/nilo/.stmcufinder/plugins/mcufinder//mcu/cs/
2023-08-22 14:55:00,308 [INFO] RulesReader:64 - Compatibility file has been processed (293 Rules)
2023-08-22 14:55:00,417 [INFO] DbMcusXml:78 - Set database path to: /home/nilo/st/stm32cubeide_1.13.1/plugins/com.st.stm32cube.common.mx_6.9.1.202307191849//db//mcu/
2023-08-22 14:55:00,417 [INFO] ApiDb:274 - Set plugin database path to: /home/nilo/st/stm32cubeide_1.13.1/plugins/com.st.stm32cube.common.mx_6.9.1.202307191849//db//plugins/boardmanager/
2023-08-22 14:55:00,418 [INFO] ApiDb:261 - Set plugin images path to: /home/nilo/st/stm32cubeide_1.13.1/plugins/com.st.stm32cube.common.mx_6.9.1.202307191849//db//plugins/mcufinder/images/
2023-08-22 14:55:00,418 [WARN] DbFile:41 - Overriding database path with different value: /home/nilo/.stmcufinder/plugins/mcufinder/ => /home/nilo/.stmcufinder/plugins/mcufinder
2023-08-22 14:55:00,418 [INFO] ApiDb:250 - Set database path to: /home/nilo/.stmcufinder/plugins/mcufinder//mcu/
2023-08-22 14:55:00,418 [WARN] DbFile:41 - Overriding database path with different value: /home/nilo/.stmcufinder/plugins/mcufinder/ => /home/nilo/.stmcufinder/plugins/mcufinder
2023-08-22 14:55:00,419 [INFO] DbMcusAds:125 - Set database path to: /home/nilo/.stmcufinder/plugins/mcufinder//mcu/
2023-08-22 14:55:00,419 [WARN] DbFile:41 - Overriding database path with different value: /home/nilo/.stmcufinder/plugins/mcufinder/ => /home/nilo/.stmcufinder/plugins/mcufinder
2023-08-22 14:55:00,419 [WARN] DbFile:41 - Overriding database path with different value: /home/nilo/.stmcufinder/plugins/mcufinder/ => /home/nilo/.stmcufinder/plugins/mcufinder
2023-08-22 14:55:00,419 [INFO] CrossReferenceDbSqlite:203 - Set database path to: /home/nilo/.stmcufinder/plugins/mcufinder//mcu/cs/
2023-08-22 14:55:00,519 [INFO] MainPanel:262 - HeapMemory: 268435456
2023-08-22 14:55:00,686 [INFO] DbMcusXml:78 - Set database path to: /home/nilo/st/stm32cubeide_1.13.1/plugins/com.st.stm32cube.common.mx_6.9.1.202307191849//db//mcu/
2023-08-22 14:55:00,687 [INFO] ApiDb:274 - Set plugin database path to: /home/nilo/st/stm32cubeide_1.13.1/plugins/com.st.stm32cube.common.mx_6.9.1.202307191849//db//plugins/boardmanager/
2023-08-22 14:55:00,687 [INFO] ApiDb:261 - Set plugin images path to: /home/nilo/st/stm32cubeide_1.13.1/plugins/com.st.stm32cube.common.mx_6.9.1.202307191849//db//plugins/mcufinder/images/
2023-08-22 14:55:00,688 [WARN] DbFile:41 - Overriding database path with different value: /home/nilo/.stmcufinder/plugins/mcufinder/ => /home/nilo/.stmcufinder/plugins/mcufinder
2023-08-22 14:55:00,688 [INFO] ApiDb:250 - Set database path to: /home/nilo/.stmcufinder/plugins/mcufinder//mcu/
2023-08-22 14:55:00,688 [WARN] DbFile:41 - Overriding database path with different value: /home/nilo/.stmcufinder/plugins/mcufinder/ => /home/nilo/.stmcufinder/plugins/mcufinder
2023-08-22 14:55:00,688 [INFO] DbMcusAds:125 - Set database path to: /home/nilo/.stmcufinder/plugins/mcufinder//mcu/
2023-08-22 14:55:00,688 [WARN] DbFile:41 - Overriding database path with different value: /home/nilo/.stmcufinder/plugins/mcufinder/ => /home/nilo/.stmcufinder/plugins/mcufinder
2023-08-22 14:55:00,689 [WARN] DbFile:41 - Overriding database path with different value: /home/nilo/.stmcufinder/plugins/mcufinder/ => /home/nilo/.stmcufinder/plugins/mcufinder
2023-08-22 14:55:00,689 [INFO] CrossReferenceDbSqlite:203 - Set database path to: /home/nilo/.stmcufinder/plugins/mcufinder//mcu/cs/
2023-08-22 14:55:00,717 [INFO] ApplicationProperties:184 - Using Application install path: /home/nilo/st/stm32cubeide_1.13.1/plugins/com.st.stm32cube.common.mx_6.9.1.202307191849
2023-08-22 14:55:00,720 [INFO] PluginManage:196 - Search for loadable plugins [exclusion list=, ]
2023-08-22 14:55:00,722 [INFO] PluginManage:310 - Check plugin analytics
2023-08-22 14:55:01,125 [INFO] AnalyticsPlugin:253 - Accepted Software Licenses: 
2023-08-22 14:55:01,126 [INFO] AnalyticsPlugin:255 - Accepted CMSIS Pack Licenses: 
2023-08-22 14:55:01,126 [INFO] AnalyticsPlugin:257 - Accepted Firmware Licenses: 
2023-08-22 14:55:01,131 [INFO] PluginManage:359 - Loaded plugin analytics (category:tool,tabindex:-1)
2023-08-22 14:55:01,137 [INFO] PluginManage:310 - Check plugin cadmodel
2023-08-22 14:55:01,145 [INFO] CADModel:105 - Init CAD model plugin
2023-08-22 14:55:01,145 [INFO] PluginManage:359 - Loaded plugin cadmodel (category:power,tabindex:5)
2023-08-22 14:55:01,145 [INFO] PluginManage:310 - Check plugin clock
2023-08-22 14:55:01,172 [INFO] PluginManage:359 - Loaded plugin clock (category:base,tabindex:2)
2023-08-22 14:55:01,172 [INFO] PluginManage:310 - Check plugin ddr
2023-08-22 14:55:01,188 [INFO] PluginManage:359 - Loaded plugin ddr (category:tool,tabindex:6)
2023-08-22 14:55:01,188 [INFO] PluginManage:310 - Check plugin filemanager
2023-08-22 14:55:01,472 [INFO] PluginManage:359 - Loaded plugin filemanager (category:base,tabindex:10)
2023-08-22 14:55:01,473 [INFO] PluginManage:310 - Check plugin ipmanager
2023-08-22 14:55:01,485 [INFO] PluginManage:359 - Loaded plugin ipmanager (category:base,tabindex:5)
2023-08-22 14:55:01,486 [INFO] PluginManage:310 - Check plugin lpbam
2023-08-22 14:55:01,506 [INFO] PluginManage:359 - Loaded plugin lpbam (category:base,tabindex:0)
2023-08-22 14:55:01,507 [INFO] PluginManage:310 - Check plugin memorymap
2023-08-22 14:55:01,528 [INFO] PluginManage:359 - Loaded plugin memorymap (category:base,tabindex:4)
2023-08-22 14:55:01,528 [INFO] PluginManage:310 - Check plugin pinoutandconfiguration
2023-08-22 14:55:01,544 [INFO] PluginManage:359 - Loaded plugin pinoutandconfiguration (category:base,tabindex:1)
2023-08-22 14:55:01,544 [INFO] PluginManage:310 - Check plugin pinoutconfig
2023-08-22 14:55:01,699 [WARN] SupportedApi:132 - Cannot load RTOS API schema: s4s-elt-must-match.1: The content of 'definitions' must match (annotation?, (simpleType | complexType)?, (unique | key | keyref)*)). A problem was found starting at: attribute.
2023-08-22 14:55:01,999 [INFO] PluginManage:359 - Loaded plugin pinoutconfig (category:base,tabindex:0)
2023-08-22 14:55:02,000 [INFO] PluginManage:310 - Check plugin power
2023-08-22 14:55:02,036 [INFO] PluginManage:359 - Loaded plugin power (category:power,tabindex:4)
2023-08-22 14:55:02,036 [INFO] PluginManage:310 - Check plugin projectmanager
2023-08-22 14:55:02,091 [INFO] PluginManage:359 - Loaded plugin projectmanager (category:projectmanager,tabindex:3)
2023-08-22 14:55:02,091 [INFO] PluginManage:310 - Check plugin thirdparty
2023-08-22 14:55:02,512 [WARN] IntegrityCheckThread:84 - waiting for thirdparty lock release [integrity check]
2023-08-22 14:55:02,513 [INFO] PluginManage:359 - Loaded plugin thirdparty (category:base,tabindex:-1)
2023-08-22 14:55:02,513 [INFO] IntegrityCheckThread:86 - entering critical section [integrity check]
2023-08-22 14:55:02,516 [INFO] ThirdPartyUpdaterWithRetryManager:70 - Updater plugin not ready yet. [1/15]
2023-08-22 14:55:02,513 [INFO] PluginManage:310 - Check plugin tools
2023-08-22 14:55:02,526 [INFO] PluginManage:359 - Loaded plugin tools (category:base,tabindex:7)
2023-08-22 14:55:02,530 [INFO] PluginManage:310 - Check plugin tutovideos
2023-08-22 14:55:03,124 [INFO] PluginManage:359 - Loaded plugin tutovideos (category:base,tabindex:-1)
2023-08-22 14:55:03,124 [INFO] PluginManage:310 - Check plugin updater
2023-08-22 14:55:03,149 [INFO] PluginManage:359 - Loaded plugin updater (category:base,tabindex:12)
2023-08-22 14:55:03,150 [INFO] PluginManage:310 - Check plugin userauth
2023-08-22 14:55:03,160 [INFO] UserAuth:113 - Init User Auth plugin
2023-08-22 14:55:03,160 [INFO] PluginManage:359 - Loaded plugin userauth (category:base,tabindex:14)
2023-08-22 14:55:03,163 [INFO] PluginManage:283 - PluginManage : Loaded plugins [17]
2023-08-22 14:55:03,657 [INFO] PinOutPanel:1499 - setPackage(No Configuration,No Configuration)
2023-08-22 14:55:03,825 [INFO] CADModel:165 - CPN selected for project level
2023-08-22 14:55:03,826 [INFO] CADModel:114 - Register for checkConnection events
2023-08-22 14:55:03,845 [INFO] IPUIPlugin:80 - create IPUIPlugin
2023-08-22 14:55:03,845 [INFO] PluginManager:220 - loadIPPluginJar : add quadspi
2023-08-22 14:55:03,848 [INFO] IPUIPlugin:80 - create IPUIPlugin
2023-08-22 14:55:03,848 [INFO] PluginManager:220 - loadIPPluginJar : add tsc
2023-08-22 14:55:03,851 [INFO] IPUIPlugin:80 - create IPUIPlugin
2023-08-22 14:55:03,851 [INFO] PluginManager:220 - loadIPPluginJar : add genericplugin
2023-08-22 14:55:03,859 [INFO] IPUIPlugin:80 - create IPUIPlugin
2023-08-22 14:55:03,860 [INFO] PluginManager:220 - loadIPPluginJar : add i3c
2023-08-22 14:55:03,866 [INFO] IPUIPlugin:80 - create IPUIPlugin
2023-08-22 14:55:03,866 [INFO] PluginManager:220 - loadIPPluginJar : add lorawan
2023-08-22 14:55:03,871 [INFO] IPUIPlugin:80 - create IPUIPlugin
2023-08-22 14:55:03,871 [INFO] PluginManager:220 - loadIPPluginJar : add touchsensing
2023-08-22 14:55:03,884 [INFO] IPUIPlugin:80 - create IPUIPlugin
2023-08-22 14:55:03,885 [INFO] PluginManager:220 - loadIPPluginJar : add dma
2023-08-22 14:55:03,896 [INFO] IPUIPlugin:80 - create IPUIPlugin
2023-08-22 14:55:03,896 [INFO] PluginManager:220 - loadIPPluginJar : add fmc
2023-08-22 14:55:03,902 [INFO] IPUIPlugin:80 - create IPUIPlugin
2023-08-22 14:55:03,902 [INFO] PluginManager:220 - loadIPPluginJar : add spi
2023-08-22 14:55:03,907 [INFO] IPUIPlugin:80 - create IPUIPlugin
2023-08-22 14:55:03,907 [INFO] PluginManager:220 - loadIPPluginJar : add usart
2023-08-22 14:55:03,910 [INFO] IPUIPlugin:80 - create IPUIPlugin
2023-08-22 14:55:03,911 [INFO] PluginManager:220 - loadIPPluginJar : add ts
2023-08-22 14:55:03,921 [INFO] IPUIPlugin:80 - create IPUIPlugin
2023-08-22 14:55:03,925 [INFO] PluginManager:220 - loadIPPluginJar : add plateformsettings
2023-08-22 14:55:03,931 [INFO] IPUIPlugin:80 - create IPUIPlugin
2023-08-22 14:55:03,932 [INFO] PluginManager:220 - loadIPPluginJar : add can
2023-08-22 14:55:03,937 [INFO] IPUIPlugin:80 - create IPUIPlugin
2023-08-22 14:55:03,937 [INFO] PluginManager:220 - loadIPPluginJar : add opamp
2023-08-22 14:55:03,940 [INFO] IPUIPlugin:80 - create IPUIPlugin
2023-08-22 14:55:03,940 [INFO] PluginManager:220 - loadIPPluginJar : add gfxmmu
2023-08-22 14:55:03,943 [INFO] IPUIPlugin:80 - create IPUIPlugin
2023-08-22 14:55:03,943 [INFO] PluginManager:220 - loadIPPluginJar : add comp
2023-08-22 14:55:03,949 [INFO] IPUIPlugin:80 - create IPUIPlugin
2023-08-22 14:55:03,949 [INFO] PluginManager:220 - loadIPPluginJar : add dfsdm
2023-08-22 14:55:03,954 [INFO] IPUIPlugin:80 - create IPUIPlugin
2023-08-22 14:55:03,954 [INFO] PluginManager:220 - loadIPPluginJar : add usbx
2023-08-22 14:55:03,959 [INFO] IPUIPlugin:80 - create IPUIPlugin
2023-08-22 14:55:03,960 [INFO] PluginManager:220 - loadIPPluginJar : add pdm2pcm
2023-08-22 14:55:03,966 [INFO] IPUIPlugin:80 - create IPUIPlugin
2023-08-22 14:55:03,966 [INFO] PluginManager:220 - loadIPPluginJar : add gpio
2023-08-22 14:55:03,971 [INFO] IPUIPlugin:80 - create IPUIPlugin
2023-08-22 14:55:03,971 [INFO] PluginManager:220 - loadIPPluginJar : add openamp
2023-08-22 14:55:03,974 [INFO] IPUIPlugin:80 - create IPUIPlugin
2023-08-22 14:55:03,975 [INFO] PluginManager:220 - loadIPPluginJar : add aes
2023-08-22 14:55:03,979 [INFO] IPUIPlugin:80 - create IPUIPlugin
2023-08-22 14:55:03,980 [INFO] PluginManager:220 - loadIPPluginJar : add hash
2023-08-22 14:55:03,984 [INFO] IPUIPlugin:80 - create IPUIPlugin
2023-08-22 14:55:03,985 [INFO] PluginManager:220 - loadIPPluginJar : add i2s
2023-08-22 14:55:03,988 [INFO] IPUIPlugin:80 - create IPUIPlugin
2023-08-22 14:55:03,991 [INFO] PluginManager:220 - loadIPPluginJar : add tracer_emb
2023-08-22 14:55:04,006 [INFO] IPUIPlugin:80 - create IPUIPlugin
2023-08-22 14:55:04,007 [INFO] PluginManager:220 - loadIPPluginJar : add adc
2023-08-22 14:55:04,016 [INFO] IPUIPlugin:80 - create IPUIPlugin
2023-08-22 14:55:04,016 [INFO] PluginManager:220 - loadIPPluginJar : add freertos
2023-08-22 14:55:04,019 [INFO] IPUIPlugin:80 - create IPUIPlugin
2023-08-22 14:55:04,020 [INFO] PluginManager:220 - loadIPPluginJar : add ucpd
2023-08-22 14:55:04,024 [INFO] IPUIPlugin:80 - create IPUIPlugin
2023-08-22 14:55:04,024 [INFO] PluginManager:220 - loadIPPluginJar : add ipddr
2023-08-22 14:55:04,030 [INFO] IPUIPlugin:80 - create IPUIPlugin
2023-08-22 14:55:04,031 [INFO] PluginManager:220 - loadIPPluginJar : add tim
2023-08-22 14:55:04,039 [INFO] IPUIPlugin:80 - create IPUIPlugin
2023-08-22 14:55:04,040 [INFO] PluginManager:220 - loadIPPluginJar : add resmgrutility
2023-08-22 14:55:04,046 [INFO] IPUIPlugin:80 - create IPUIPlugin
2023-08-22 14:55:04,046 [INFO] PluginManager:220 - loadIPPluginJar : add gtzc
2023-08-22 14:55:04,054 [INFO] IPUIPlugin:80 - create IPUIPlugin
2023-08-22 14:55:04,054 [INFO] PluginManager:220 - loadIPPluginJar : add gic
2023-08-22 14:55:04,070 [INFO] IPUIPlugin:80 - create IPUIPlugin
2023-08-22 14:55:04,070 [INFO] PluginManager:220 - loadIPPluginJar : add linkedlist
2023-08-22 14:55:04,075 [INFO] IPUIPlugin:80 - create IPUIPlugin
2023-08-22 14:55:04,075 [INFO] PluginManager:220 - loadIPPluginJar : add dma3
2023-08-22 14:55:04,080 [INFO] IPUIPlugin:80 - create IPUIPlugin
2023-08-22 14:55:04,081 [INFO] PluginManager:220 - loadIPPluginJar : add sai
2023-08-22 14:55:04,083 [INFO] IPUIPlugin:80 - create IPUIPlugin
2023-08-22 14:55:04,083 [INFO] PluginManager:220 - loadIPPluginJar : add ltdc
2023-08-22 14:55:04,085 [INFO] IPUIPlugin:80 - create IPUIPlugin
2023-08-22 14:55:04,086 [INFO] PluginManager:220 - loadIPPluginJar : add fatfs
2023-08-22 14:55:04,089 [INFO] IPUIPlugin:80 - create IPUIPlugin
2023-08-22 14:55:04,089 [INFO] PluginManager:220 - loadIPPluginJar : add i2c
2023-08-22 14:55:04,101 [INFO] IPUIPlugin:80 - create IPUIPlugin
2023-08-22 14:55:04,102 [INFO] PluginManager:220 - loadIPPluginJar : add mdma
2023-08-22 14:55:04,112 [INFO] IPUIPlugin:80 - create IPUIPlugin
2023-08-22 14:55:04,113 [INFO] PluginManager:220 - loadIPPluginJar : add stm32_wpan
2023-08-22 14:55:04,116 [INFO] IPUIPlugin:80 - create IPUIPlugin
2023-08-22 14:55:04,116 [INFO] PluginManager:220 - loadIPPluginJar : add cryp
2023-08-22 14:55:04,122 [INFO] IPUIPlugin:80 - create IPUIPlugin
2023-08-22 14:55:04,122 [INFO] PluginManager:220 - loadIPPluginJar : add nvic
2023-08-22 14:55:04,255 [INFO] CADModel:165 - CPN selected for project level
2023-08-22 14:55:04,255 [INFO] CADModel:114 - Register for checkConnection events
2023-08-22 14:55:04,256 [FATAL] Updater:308 - Updater called before beeing initialized
2023-08-22 14:55:04,256 [ERROR] CADModel:125 - Updater not yet initialized, retry later 
2023-08-22 14:55:04,493 [INFO] CADModel:165 - CPN selected for project level
2023-08-22 14:55:04,493 [INFO] CADModel:114 - Register for checkConnection events
2023-08-22 14:55:04,494 [FATAL] Updater:308 - Updater called before beeing initialized
2023-08-22 14:55:04,494 [ERROR] CADModel:125 - Updater not yet initialized, retry later 
2023-08-22 14:55:04,516 [FATAL] Updater:308 - Updater called before beeing initialized
2023-08-22 14:55:04,697 [FATAL] Updater:308 - Updater called before beeing initialized
2023-08-22 14:55:04,711 [INFO] DbMcusAds:53 - JSON generation date=Thu Sep 30 03:55:09 BRT 2021 (1632984909247)
2023-08-22 14:55:04,731 [FATAL] Updater:308 - Updater called before beeing initialized
2023-08-22 14:55:04,818 [WARN] DetailPanel:346 - Failed to get advertising image, set to default
2023-08-22 14:55:05,044 [FATAL] Updater:308 - Updater called before beeing initialized
2023-08-22 14:55:05,046 [FATAL] Updater:308 - Updater called before beeing initialized
2023-08-22 14:55:05,047 [FATAL] Updater:308 - Updater called before beeing initialized
2023-08-22 14:55:05,047 [WARN] DetailPanel:346 - Failed to get advertising image, set to default
2023-08-22 14:55:05,050 [FATAL] Updater:308 - Updater called before beeing initialized
2023-08-22 14:55:05,103 [ERROR] Updater:1120 - MainUpdater not yet initialized. External WinMGr cannot be set.
2023-08-22 14:55:05,105 [INFO] Updater:1056 - Updater Version found : 6.9.1
2023-08-22 14:55:05,129 [INFO] ApplicationProperties:184 - Using Application install path: /home/nilo/st/stm32cubeide_1.13.1/plugins/com.st.stm32cube.common.mx_6.9.1.202307191849
2023-08-22 14:55:05,307 [INFO] MainUpdater:2868 - connection check result : 10
2023-08-22 14:55:05,308 [INFO] MainUpdater:285 - Updater Check For Update Now.
2023-08-22 14:55:05,309 [INFO] MicroXplorer:498 - Change Database Version : DB.6.0.91
2023-08-22 14:55:05,316 [INFO] McuFinderGlobals:63 - Set McuFinder mode to 2 (CubeIDE integrated)
2023-08-22 14:55:05,316 [INFO] UserAuth:179 - activating auth plugin
2023-08-22 14:55:05,321 [INFO] UserAuth:393 - Internet connection configuration mode: 1
2023-08-22 14:55:05,335 [INFO] JxBrowserEngine:151 - Initiate JxBrowser Engine with user profile folder
2023-08-22 14:55:05,516 [WARN] MainUpdater:1189 - Updater busy. Cannot search thirdparties
2023-08-22 14:55:05,517 [INFO] ThirdPartyUpdaterWithRetryManager:96 - Updater plugin is busy. [1/15]
2023-08-22 14:55:05,564 [INFO] CheckServerUpdateThread:120 - End of CheckServer Thread
2023-08-22 14:55:06,359 [INFO] WebApp:157 - Instantiating new browser for Auth
2023-08-22 14:55:06,971 [INFO] WebApp:753 - Register for checkConnection events
2023-08-22 14:55:06,971 [INFO] WebApp:390 - Apply proxy settings
2023-08-22 14:55:06,971 [INFO] WebApp:475 - Chromium requires no authentication
2023-08-22 14:55:06,980 [INFO] WebApp:418 - Direct internet connection detected
2023-08-22 14:55:07,174 [INFO] WebApp:188 - Starting web application
2023-08-22 14:55:07,175 [INFO] WebApp:520 - Web application path used /home/nilo/st/stm32cubeide_1.13.1/plugins/com.st.stm32cube.common.mx_6.9.1.202307191849/db/plugins/mcufinder/reactClient1/index.html
2023-08-22 14:55:08,653 [WARN] PackLoader:240 - Cannot read IP mode file for STMicroelectronics.X-CUBE-SMBUS.2.1.0
2023-08-22 14:55:08,736 [WARN] PackLoader:240 - Cannot read IP mode file for STMicroelectronics.X-CUBE-AZRTOS-F7.1.1.0
2023-08-22 14:55:08,752 [WARN] PackLoader:240 - Cannot read IP mode file for STMicroelectronics.FP-SNS-MOTENV1.4.3.2
2023-08-22 14:55:08,768 [WARN] PackLoader:240 - Cannot read IP mode file for STMicroelectronics.X-CUBE-BLE1.6.2.3
2023-08-22 14:55:08,790 [WARN] PackLoader:240 - Cannot read IP mode file for STMicroelectronics.X-CUBE-BLE1.6.2.4
2023-08-22 14:55:08,799 [WARN] PackLoader:240 - Cannot read IP mode file for STMicroelectronics.FP-SNS-FLIGHT1.5.0.2
2023-08-22 14:55:08,826 [WARN] PackLoader:240 - Cannot read IP mode file for STMicroelectronics.X-CUBE-TOF1.3.1.0
2023-08-22 14:55:08,853 [WARN] PackLoader:240 - Cannot read IP mode file for STMicroelectronics.X-CUBE-DISPLAY.3.0.0
2023-08-22 14:55:08,870 [WARN] PackLoader:240 - Cannot read IP mode file for STMicroelectronics.X-CUBE-BLE1.7.0.0
2023-08-22 14:55:08,875 [WARN] PackLoader:240 - Cannot read IP mode file for STMicroelectronics.X-CUBE-TOUCHGFX.4.22.0
2023-08-22 14:55:08,993 [WARN] PackLoader:240 - Cannot read IP mode file for STMicroelectronics.X-CUBE-MEMS1.9.3.0
2023-08-22 14:55:09,296 [WARN] PackLoader:240 - Cannot read IP mode file for STMicroelectronics.X-CUBE-AI.7.2.0
2023-08-22 14:55:09,312 [INFO] LogOutputStream:77 - [STDOUT_REDIRECT] 1 : Invalid condition id : UX_CORESTACK_Condition cause : null
2023-08-22 14:55:09,314 [INFO] LogOutputStream:77 - [STDOUT_REDIRECT] 1 : Invalid condition id : UX_CORESTACK_Condition cause : null
2023-08-22 14:55:09,315 [INFO] LogOutputStream:77 - [STDOUT_REDIRECT] 1 : Invalid condition id : UX_CORESTACK_Condition cause : null
2023-08-22 14:55:09,317 [INFO] LogOutputStream:77 - [STDOUT_REDIRECT] 1 : Invalid condition id : UX_CORESTACK_Condition cause : null
2023-08-22 14:55:09,319 [INFO] LogOutputStream:77 - [STDOUT_REDIRECT] 1 : Invalid condition id : UX_CORESTACK_Condition cause : null
2023-08-22 14:55:09,330 [WARN] PackLoader:240 - Cannot read IP mode file for STMicroelectronics.X-CUBE-AZRTOS-WL.2.0.0
2023-08-22 14:55:09,345 [WARN] PackLoader:240 - Cannot read IP mode file for WES.I-CUBE-Cesium.1.3.0
2023-08-22 14:55:09,350 [WARN] PackLoader:240 - Cannot read IP mode file for STMicroelectronics.X-CUBE-BLE2.3.3.0
2023-08-22 14:55:09,366 [WARN] PackLoader:240 - Cannot read IP mode file for STMicroelectronics.X-CUBE-DISPLAY.2.2.0
2023-08-22 14:55:09,390 [WARN] PackLoader:240 - Cannot read IP mode file for STMicroelectronics.X-CUBE-TOF1.3.2.0
2023-08-22 14:55:09,413 [WARN] PackLoader:240 - Cannot read IP mode file for STMicroelectronics.X-CUBE-ISPU.1.0.0
2023-08-22 14:55:09,452 [WARN] PackLoader:240 - Cannot read IP mode file for STMicroelectronics.X-CUBE-AZRTOS-H7.2.1.0
2023-08-22 14:55:09,468 [WARN] PackLoader:240 - Cannot read IP mode file for STMicroelectronics.X-CUBE-TOUCHGFX.4.21.1
2023-08-22 14:55:09,471 [WARN] PackLoader:240 - Cannot read IP mode file for STMicroelectronics.X-CUBE-TOUCHGFX.4.21.0
2023-08-22 14:55:09,567 [WARN] PackLoader:240 - Cannot read IP mode file for STMicroelectronics.X-CUBE-MEMS1.9.4.0
2023-08-22 14:55:09,767 [WARN] PackLoader:240 - Cannot read IP mode file for STMicroelectronics.X-CUBE-AI.7.3.0
2023-08-22 14:55:09,782 [WARN] PackLoader:240 - Cannot read IP mode file for STMicroelectronics.X-CUBE-ALGOBUILD.1.3.0
2023-08-22 14:55:09,823 [WARN] PackLoader:240 - Cannot read IP mode file for STMicroelectronics.X-CUBE-AZRTOS-G0.1.1.0
2023-08-22 14:55:09,838 [WARN] PackLoader:240 - Cannot read IP mode file for STMicroelectronics.X-CUBE-NFC4.3.0.0
2023-08-22 14:55:09,965 [WARN] PackLoader:240 - Cannot read IP mode file for SEGGER.I-CUBE-embOS.1.2.0
2023-08-22 14:55:10,071 [WARN] PackLoader:240 - Cannot read IP mode file for STMicroelectronics.X-CUBE-BLEMGR.1.3.0
2023-08-22 14:55:10,077 [WARN] PackLoader:240 - Cannot read IP mode file for STMicroelectronics.FP-ATR-SIGFOX1.3.2.0
2023-08-22 14:55:10,093 [WARN] PackLoader:240 - Cannot read IP mode file for emotas.I-CUBE-CANOPEN.1.1.2
2023-08-22 14:55:10,097 [WARN] PackLoader:240 - Cannot read IP mode file for STMicroelectronics.X-CUBE-TOUCHGFX.4.20.0
2023-08-22 14:55:10,172 [WARN] PackLoader:240 - Cannot read IP mode file for STMicroelectronics.X-CUBE-MEMS1.9.5.0
2023-08-22 14:55:10,384 [WARN] PackLoader:240 - Cannot read IP mode file for SEGGER.I-CUBE-embOS.1.3.1
2023-08-22 14:55:10,465 [WARN] PackLoader:240 - Cannot read IP mode file for STMicroelectronics.X-CUBE-GNSS1.6.0.0
2023-08-22 14:55:10,494 [WARN] PackLoader:240 - Cannot read IP mode file for STMicroelectronics.X-CUBE-AZRTOS-F4.1.1.0
2023-08-22 14:55:10,509 [WARN] PackLoader:240 - Cannot read IP mode file for STMicroelectronics.X-CUBE-BLEMGR.1.2.0
2023-08-22 14:55:10,541 [WARN] PackLoader:240 - Cannot read IP mode file for STMicroelectronics.X-CUBE-AZRTOS-L5.2.0.0
2023-08-22 14:55:10,623 [WARN] PackLoader:240 - Cannot read IP mode file for STMicroelectronics.X-CUBE-MEMS1.9.6.0
2023-08-22 14:55:10,835 [WARN] PackLoader:240 - Cannot read IP mode file for STMicroelectronics.X-CUBE-BLEMGR.2.0.0
2023-08-22 14:55:10,844 [WARN] PackLoader:240 - Cannot read IP mode file for STMicroelectronics.X-CUBE-NFC4.2.0.5
2023-08-22 14:55:10,853 [WARN] PackLoader:240 - Cannot read IP mode file for STMicroelectronics.X-CUBE-NFC4.2.0.4
2023-08-22 14:55:10,882 [WARN] ConditionMgr:438 - getConditionDescription Invalid condition id : UX DEVICE CLASS RTOS Condition cause : null
2023-08-22 14:55:10,883 [WARN] ConditionMgr:438 - getConditionDescription Invalid condition id : UX DEVICE CLASS RTOS Condition cause : null
2023-08-22 14:55:10,889 [WARN] PackLoader:240 - Cannot read IP mode file for STMicroelectronics.X-CUBE-AZRTOS-H7.3.1.0
2023-08-22 14:55:10,891 [WARN] ConditionMgr:1039 - genDependencies : Invalid condition id : UX DEVICE CLASS RTOS Condition cause : null
2023-08-22 14:55:10,892 [WARN] ConditionMgr:1039 - genDependencies : Invalid condition id : UX DEVICE CLASS RTOS Condition cause : null
2023-08-22 14:55:10,893 [WARN] ConditionMgr:1039 - genDependencies : Invalid condition id : UX DEVICE CLASS RTOS Condition cause : null
2023-08-22 14:55:10,894 [WARN] ConditionMgr:1039 - genDependencies : Invalid condition id : UX DEVICE CLASS RTOS Condition cause : null
2023-08-22 14:55:10,894 [WARN] ConditionMgr:1039 - genDependencies : Invalid condition id : UX DEVICE CLASS RTOS Condition cause : null
2023-08-22 14:55:10,901 [WARN] PackLoader:240 - Cannot read IP mode file for wolfSSL.I-CUBE-wolfSSL.5.5.0
2023-08-22 14:55:10,907 [WARN] PackLoader:240 - Cannot read IP mode file for STMicroelectronics.X-CUBE-NFC7.1.0.1
2023-08-22 14:55:10,913 [WARN] PackLoader:240 - Cannot read IP mode file for STMicroelectronics.X-CUBE-NFC7.1.0.0
2023-08-22 14:55:10,921 [WARN] PackLoader:240 - Cannot read IP mode file for STMicroelectronics.X-CUBE-EEPRMA1.4.1.0
2023-08-22 14:55:10,926 [WARN] PackLoader:240 - Cannot read IP mode file for STMicroelectronics.X-CUBE-AI.8.1.0
2023-08-22 14:55:10,958 [WARN] ConditionMgr:438 - getConditionDescription Invalid condition id : LAN8742 Phy interface Condition cause : null
2023-08-22 14:55:10,959 [WARN] PackLoader:240 - Cannot read IP mode file for STMicroelectronics.X-CUBE-AZRTOS-L4.2.0.0
2023-08-22 14:55:10,961 [WARN] ConditionMgr:1039 - genDependencies : Invalid condition id : LAN8742 Phy interface Condition cause : null
2023-08-22 14:55:10,962 [WARN] ConditionMgr:1039 - genDependencies : Invalid condition id : LAN8742 Phy interface Condition cause : null
2023-08-22 14:55:10,963 [WARN] ConditionMgr:1039 - genDependencies : Invalid condition id : LAN8742 Phy interface Condition cause : null
2023-08-22 14:55:10,974 [WARN] PackLoader:240 - Cannot read IP mode file for STMicroelectronics.X-CUBE-SFXS2LP1.4.0.0
2023-08-22 14:55:11,020 [WARN] PackLoader:240 - Cannot read IP mode file for STMicroelectronics.X-CUBE-AZRTOS-H7.3.0.0
2023-08-22 14:55:11,031 [WARN] PackLoader:240 - Cannot read IP mode file for STMicroelectronics.X-CUBE-ISPU.1.1.0
2023-08-22 14:55:11,040 [WARN] PackLoader:240 - Cannot read IP mode file for RoweBots.I-CUBE-UNISONRTOS.5.5.0-4
2023-08-22 14:55:11,045 [WARN] PackLoader:240 - Cannot read IP mode file for STMicroelectronics.X-CUBE-AI.8.0.0
2023-08-22 14:55:11,075 [WARN] ConditionMgr:438 - getConditionDescription Invalid condition id : UX DEVICE CLASS RTOS Condition cause : null
2023-08-22 14:55:11,076 [WARN] ConditionMgr:438 - getConditionDescription Invalid condition id : UX DEVICE CLASS RTOS Condition cause : null
2023-08-22 14:55:11,078 [WARN] PackLoader:240 - Cannot read IP mode file for STMicroelectronics.X-CUBE-AZRTOS-WB.2.0.0
2023-08-22 14:55:11,079 [WARN] ConditionMgr:1039 - genDependencies : Invalid condition id : UX DEVICE CLASS RTOS Condition cause : null
2023-08-22 14:55:11,080 [WARN] ConditionMgr:1039 - genDependencies : Invalid condition id : UX DEVICE CLASS RTOS Condition cause : null
2023-08-22 14:55:11,080 [WARN] ConditionMgr:1039 - genDependencies : Invalid condition id : UX DEVICE CLASS RTOS Condition cause : null
2023-08-22 14:55:11,081 [WARN] ConditionMgr:1039 - genDependencies : Invalid condition id : UX DEVICE CLASS RTOS Condition cause : null
2023-08-22 14:55:11,081 [WARN] ConditionMgr:1039 - genDependencies : Invalid condition id : UX DEVICE CLASS RTOS Condition cause : null
2023-08-22 14:55:11,089 [WARN] PackLoader:240 - Cannot read IP mode file for STMicroelectronics.X-CUBE-FREERTOS.1.0.1
2023-08-22 14:55:11,097 [WARN] PackLoader:240 - Cannot read IP mode file for STMicroelectronics.X-CUBE-BLEMGR.1.0.0
2023-08-22 14:55:11,117 [WARN] PackLoader:240 - Cannot read IP mode file for STMicroelectronics.X-CUBE-AZRTOS-L5.1.1.0
2023-08-22 14:55:11,132 [WARN] PackLoader:240 - Cannot read IP mode file for STMicroelectronics.X-CUBE-SUBG2.5.0.0
2023-08-22 14:55:11,148 [WARN] PackLoader:240 - Cannot read IP mode file for STMicroelectronics.X-CUBE-TOF1.3.3.1
2023-08-22 14:55:11,180 [WARN] PackLoader:240 - Cannot read IP mode file for STMicroelectronics.X-CUBE-AZRTOS-G4.2.0.0
2023-08-22 14:55:11,185 [WARN] PackLoader:240 - Cannot read IP mode file for STMicroelectronics.FP-ATR-ASTRA1.1.1.1
2023-08-22 14:55:11,201 [WARN] PackLoader:240 - Cannot read IP mode file for STMicroelectronics.X-CUBE-AZRTOS-G4.1.0.0
2023-08-22 14:55:11,223 [WARN] PackLoader:240 - Cannot read IP mode file for STMicroelectronics.X-CUBE-AZRTOS-L4.1.0.0
2023-08-22 14:55:11,239 [WARN] PackLoader:240 - Cannot read IP mode file for STMicroelectronics.X-CUBE-AZRTOS-WL.1.0.0
2023-08-22 14:55:11,245 [WARN] PackLoader:240 - Cannot read IP mode file for portGmbH.I-Cube-SoM-uGOAL.1.1.0
2023-08-22 14:55:11,249 [WARN] PackLoader:240 - Cannot read IP mode file for STMicroelectronics.X-CUBE-ALS.1.0.1
2023-08-22 14:55:11,266 [WARN] PackLoader:240 - Cannot read IP mode file for STMicroelectronics.X-CUBE-AZRTOS-WB.1.1.0
2023-08-22 14:55:11,287 [WARN] PackLoader:240 - Cannot read IP mode file for STMicroelectronics.X-CUBE-AZRTOS-L5.1.0.0
2023-08-22 14:55:11,294 [WARN] PackLoader:240 - Cannot read IP mode file for STMicroelectronics.X-CUBE-EEPRMA1.3.1.1
2023-08-22 14:55:11,298 [WARN] PackLoader:240 - Cannot read IP mode file for STMicroelectronics.FP-ATR-ASTRA1.2.0.0
2023-08-22 14:55:11,300 [INFO] ThirdParty:978 - Integrity check success = true
2023-08-22 14:55:11,300 [INFO] IntegrityCheckThread:100 - exiting critical section [integrity check]
2023-08-22 14:55:11,300 [INFO] IntegrityCheckThread:103 - End integrity checks thread
2023-08-22 15:42:51,954 [ERROR] LogOutputStream:75 - [STDERR_REDIRECT] 
