2023-03-08 15:14:32,873 [INFO] Activator:177 - 


2023-03-08 15:14:32,874 [INFO] Activator:178 - !SESSION log4j initialized
2023-03-08 15:14:38,153 [ERROR] LogOutputStream:74 - [STDERR_REDIRECT] Mar 08, 2023 3:14:38 PM org.glassfish.grizzly.http.server.NetworkListener start
2023-03-08 15:14:38,160 [ERROR] LogOutputStream:74 - [STDERR_REDIRECT] INFO: Started listener bound to [localhost:1593]
2023-03-08 15:14:38,160 [ERROR] LogOutputStream:74 - [STDERR_REDIRECT] 
2023-03-08 15:14:38,161 [ERROR] LogOutputStream:74 - [STDERR_REDIRECT] Mar 08, 2023 3:14:38 PM org.glassfish.grizzly.http.server.HttpServer start
2023-03-08 15:14:38,161 [ERROR] LogOutputStream:74 - [STDERR_REDIRECT] INFO: [HttpServer] Started.
2023-03-08 15:14:38,161 [ERROR] LogOutputStream:74 - [STDERR_REDIRECT] 
2023-03-08 17:08:20,748 [ERROR] LogOutputStream:74 - [STDERR_REDIRECT] 
2023-03-17 16:06:29,409 [INFO] Activator:177 - 


2023-03-17 16:06:29,411 [INFO] Activator:178 - !SESSION log4j initialized
2023-03-17 16:06:39,146 [ERROR] LogOutputStream:74 - [STDERR_REDIRECT] Mar 17, 2023 4:06:39 PM org.glassfish.grizzly.http.server.NetworkListener start
2023-03-17 16:06:39,147 [ERROR] LogOutputStream:74 - [STDERR_REDIRECT] INFO: Started listener bound to [localhost:1598]
2023-03-17 16:06:39,148 [ERROR] LogOutputStream:74 - [STDERR_REDIRECT] 
2023-03-17 16:06:39,150 [ERROR] LogOutputStream:74 - [STDERR_REDIRECT] Mar 17, 2023 4:06:39 PM org.glassfish.grizzly.http.server.HttpServer start
2023-03-17 16:06:39,150 [ERROR] LogOutputStream:74 - [STDERR_REDIRECT] INFO: [HttpServer] Started.
2023-03-17 16:06:39,151 [ERROR] LogOutputStream:74 - [STDERR_REDIRECT] 
2023-03-17 16:08:14,178 [ERROR] LogOutputStream:74 - [STDERR_REDIRECT] 
2023-04-03 10:38:44,727 [INFO] Activator:177 - 


2023-04-03 10:38:44,728 [INFO] Activator:178 - !SESSION log4j initialized
2023-04-03 10:38:55,676 [ERROR] LogOutputStream:74 - [STDERR_REDIRECT] Apr 03, 2023 10:38:55 AM org.glassfish.grizzly.http.server.NetworkListener start
2023-04-03 10:38:55,677 [ERROR] LogOutputStream:74 - [STDERR_REDIRECT] INFO: Started listener bound to [localhost:1593]
2023-04-03 10:38:55,677 [ERROR] LogOutputStream:74 - [STDERR_REDIRECT] 
2023-04-03 10:38:55,678 [ERROR] LogOutputStream:74 - [STDERR_REDIRECT] Apr 03, 2023 10:38:55 AM org.glassfish.grizzly.http.server.HttpServer start
2023-04-03 10:38:55,679 [ERROR] LogOutputStream:74 - [STDERR_REDIRECT] INFO: [HttpServer] Started.
2023-04-03 10:38:55,679 [ERROR] LogOutputStream:74 - [STDERR_REDIRECT] 
2023-04-03 12:05:22,476 [ERROR] LogOutputStream:74 - [STDERR_REDIRECT] 
2023-04-03 14:16:21,578 [INFO] Activator:177 - 


2023-04-03 14:16:21,580 [INFO] Activator:178 - !SESSION log4j initialized
2023-04-03 14:16:31,720 [ERROR] LogOutputStream:74 - [STDERR_REDIRECT] Apr 03, 2023 2:16:31 PM org.glassfish.grizzly.http.server.NetworkListener start
2023-04-03 14:16:31,723 [ERROR] LogOutputStream:74 - [STDERR_REDIRECT] INFO: Started listener bound to [localhost:1593]
2023-04-03 14:16:31,723 [ERROR] LogOutputStream:74 - [STDERR_REDIRECT] 
2023-04-03 14:16:31,727 [ERROR] LogOutputStream:74 - [STDERR_REDIRECT] Apr 03, 2023 2:16:31 PM org.glassfish.grizzly.http.server.HttpServer start
2023-04-03 14:16:31,727 [ERROR] LogOutputStream:74 - [STDERR_REDIRECT] INFO: [HttpServer] Started.
2023-04-03 14:16:31,727 [ERROR] LogOutputStream:74 - [STDERR_REDIRECT] 
2023-04-03 14:21:22,582 [ERROR] LogOutputStream:74 - [STDERR_REDIRECT] 
2023-04-03 14:21:53,863 [INFO] Activator:177 - 


2023-04-03 14:21:53,864 [INFO] Activator:178 - !SESSION log4j initialized
2023-04-03 14:22:03,230 [ERROR] LogOutputStream:74 - [STDERR_REDIRECT] Apr 03, 2023 2:22:03 PM org.glassfish.grizzly.http.server.NetworkListener start
2023-04-03 14:22:03,231 [ERROR] LogOutputStream:74 - [STDERR_REDIRECT] INFO: Started listener bound to [localhost:1597]
2023-04-03 14:22:03,231 [ERROR] LogOutputStream:74 - [STDERR_REDIRECT] 
2023-04-03 14:22:03,236 [ERROR] LogOutputStream:74 - [STDERR_REDIRECT] Apr 03, 2023 2:22:03 PM org.glassfish.grizzly.http.server.HttpServer start
2023-04-03 14:22:03,236 [ERROR] LogOutputStream:74 - [STDERR_REDIRECT] INFO: [HttpServer] Started.
2023-04-03 14:22:03,238 [ERROR] LogOutputStream:74 - [STDERR_REDIRECT] 
2023-04-03 17:41:09,657 [ERROR] LogOutputStream:74 - [STDERR_REDIRECT] 
2023-04-10 08:48:47,512 [INFO] Activator:177 - 


2023-04-10 08:48:47,513 [INFO] Activator:178 - !SESSION log4j initialized
2023-04-10 08:48:57,497 [ERROR] LogOutputStream:74 - [STDERR_REDIRECT] Apr 10, 2023 8:48:57 AM org.glassfish.grizzly.http.server.NetworkListener start
2023-04-10 08:48:57,498 [ERROR] LogOutputStream:74 - [STDERR_REDIRECT] INFO: Started listener bound to [localhost:1597]
2023-04-10 08:48:57,499 [ERROR] LogOutputStream:74 - [STDERR_REDIRECT] 
2023-04-10 08:48:57,500 [ERROR] LogOutputStream:74 - [STDERR_REDIRECT] Apr 10, 2023 8:48:57 AM org.glassfish.grizzly.http.server.HttpServer start
2023-04-10 08:48:57,500 [ERROR] LogOutputStream:74 - [STDERR_REDIRECT] INFO: [HttpServer] Started.
2023-04-10 08:48:57,500 [ERROR] LogOutputStream:74 - [STDERR_REDIRECT] 
2023-04-10 08:51:54,813 [ERROR] LogOutputStream:74 - [STDERR_REDIRECT] 
2023-04-10 17:00:59,603 [INFO] Activator:177 - 


2023-04-10 17:00:59,605 [INFO] Activator:178 - !SESSION log4j initialized
2023-04-10 17:01:09,682 [ERROR] LogOutputStream:74 - [STDERR_REDIRECT] Apr 10, 2023 5:01:09 PM org.glassfish.grizzly.http.server.NetworkListener start
2023-04-10 17:01:09,684 [ERROR] LogOutputStream:74 - [STDERR_REDIRECT] INFO: Started listener bound to [localhost:1595]
2023-04-10 17:01:09,684 [ERROR] LogOutputStream:74 - [STDERR_REDIRECT] 
2023-04-10 17:01:09,686 [ERROR] LogOutputStream:74 - [STDERR_REDIRECT] Apr 10, 2023 5:01:09 PM org.glassfish.grizzly.http.server.HttpServer start
2023-04-10 17:01:09,686 [ERROR] LogOutputStream:74 - [STDERR_REDIRECT] INFO: [HttpServer] Started.
2023-04-10 17:01:09,686 [ERROR] LogOutputStream:74 - [STDERR_REDIRECT] 
2023-04-10 17:24:49,496 [ERROR] LogOutputStream:74 - [STDERR_REDIRECT] 
2023-04-11 07:46:43,292 [INFO] Activator:177 - 


2023-04-11 07:46:43,293 [INFO] Activator:178 - !SESSION log4j initialized
2023-04-11 07:46:52,089 [ERROR] LogOutputStream:74 - [STDERR_REDIRECT] Apr 11, 2023 7:46:52 AM org.glassfish.grizzly.http.server.NetworkListener start
2023-04-11 07:46:52,090 [ERROR] LogOutputStream:74 - [STDERR_REDIRECT] INFO: Started listener bound to [localhost:1597]
2023-04-11 07:46:52,090 [ERROR] LogOutputStream:74 - [STDERR_REDIRECT] 
2023-04-11 07:46:52,091 [ERROR] LogOutputStream:74 - [STDERR_REDIRECT] Apr 11, 2023 7:46:52 AM org.glassfish.grizzly.http.server.HttpServer start
2023-04-11 07:46:52,091 [ERROR] LogOutputStream:74 - [STDERR_REDIRECT] INFO: [HttpServer] Started.
2023-04-11 07:46:52,092 [ERROR] LogOutputStream:74 - [STDERR_REDIRECT] 
2023-04-11 21:30:23,352 [ERROR] LogOutputStream:74 - [STDERR_REDIRECT] 
2023-04-12 07:39:44,354 [INFO] Activator:177 - 


2023-04-12 07:39:44,356 [INFO] Activator:178 - !SESSION log4j initialized
2023-04-12 07:39:55,072 [ERROR] LogOutputStream:74 - [STDERR_REDIRECT] Apr 12, 2023 7:39:55 AM org.glassfish.grizzly.http.server.NetworkListener start
2023-04-12 07:39:55,075 [ERROR] LogOutputStream:74 - [STDERR_REDIRECT] INFO: Started listener bound to [localhost:1593]
2023-04-12 07:39:55,075 [ERROR] LogOutputStream:74 - [STDERR_REDIRECT] 
2023-04-12 07:39:55,076 [ERROR] LogOutputStream:74 - [STDERR_REDIRECT] Apr 12, 2023 7:39:55 AM org.glassfish.grizzly.http.server.HttpServer start
2023-04-12 07:39:55,077 [ERROR] LogOutputStream:74 - [STDERR_REDIRECT] INFO: [HttpServer] Started.
2023-04-12 07:39:55,077 [ERROR] LogOutputStream:74 - [STDERR_REDIRECT] 
2023-04-12 17:45:44,147 [ERROR] LogOutputStream:74 - [STDERR_REDIRECT] 
2023-04-13 06:30:00,617 [INFO] Activator:177 - 


2023-04-13 06:30:00,618 [INFO] Activator:178 - !SESSION log4j initialized
2023-04-13 06:30:11,553 [ERROR] LogOutputStream:74 - [STDERR_REDIRECT] Apr 13, 2023 6:30:11 AM org.glassfish.grizzly.http.server.NetworkListener start
2023-04-13 06:30:11,554 [ERROR] LogOutputStream:74 - [STDERR_REDIRECT] INFO: Started listener bound to [localhost:1595]
2023-04-13 06:30:11,554 [ERROR] LogOutputStream:74 - [STDERR_REDIRECT] 
2023-04-13 06:30:11,556 [ERROR] LogOutputStream:74 - [STDERR_REDIRECT] Apr 13, 2023 6:30:11 AM org.glassfish.grizzly.http.server.HttpServer start
2023-04-13 06:30:11,557 [ERROR] LogOutputStream:74 - [STDERR_REDIRECT] INFO: [HttpServer] Started.
2023-04-13 06:30:11,557 [ERROR] LogOutputStream:74 - [STDERR_REDIRECT] 
2023-04-13 15:33:20,088 [ERROR] LogOutputStream:74 - [STDERR_REDIRECT] 
2023-04-13 15:33:49,101 [INFO] Activator:177 - 


2023-04-13 15:33:49,102 [INFO] Activator:178 - !SESSION log4j initialized
2023-04-13 15:34:00,034 [ERROR] LogOutputStream:74 - [STDERR_REDIRECT] Apr 13, 2023 3:34:00 PM org.glassfish.grizzly.http.server.NetworkListener start
2023-04-13 15:34:00,035 [ERROR] LogOutputStream:74 - [STDERR_REDIRECT] INFO: Started listener bound to [localhost:1596]
2023-04-13 15:34:00,035 [ERROR] LogOutputStream:74 - [STDERR_REDIRECT] 
2023-04-13 15:34:00,037 [ERROR] LogOutputStream:74 - [STDERR_REDIRECT] Apr 13, 2023 3:34:00 PM org.glassfish.grizzly.http.server.HttpServer start
2023-04-13 15:34:00,038 [ERROR] LogOutputStream:74 - [STDERR_REDIRECT] INFO: [HttpServer] Started.
2023-04-13 15:34:00,038 [ERROR] LogOutputStream:74 - [STDERR_REDIRECT] 
2023-04-13 21:18:16,072 [ERROR] LogOutputStream:74 - [STDERR_REDIRECT] 
2023-04-14 09:54:33,035 [INFO] Activator:177 - 


2023-04-14 09:54:33,036 [INFO] Activator:178 - !SESSION log4j initialized
2023-04-14 09:54:42,880 [ERROR] LogOutputStream:74 - [STDERR_REDIRECT] Apr 14, 2023 9:54:42 AM org.glassfish.grizzly.http.server.NetworkListener start
2023-04-14 09:54:42,881 [ERROR] LogOutputStream:74 - [STDERR_REDIRECT] INFO: Started listener bound to [localhost:1594]
2023-04-14 09:54:42,881 [ERROR] LogOutputStream:74 - [STDERR_REDIRECT] 
2023-04-14 09:54:42,883 [ERROR] LogOutputStream:74 - [STDERR_REDIRECT] Apr 14, 2023 9:54:42 AM org.glassfish.grizzly.http.server.HttpServer start
2023-04-14 09:54:42,883 [ERROR] LogOutputStream:74 - [STDERR_REDIRECT] INFO: [HttpServer] Started.
2023-04-14 09:54:42,884 [ERROR] LogOutputStream:74 - [STDERR_REDIRECT] 
2023-04-14 21:21:05,006 [ERROR] LogOutputStream:74 - [STDERR_REDIRECT] 
2023-04-15 08:26:15,160 [INFO] Activator:177 - 


2023-04-15 08:26:15,162 [INFO] Activator:178 - !SESSION log4j initialized
2023-04-15 08:26:26,130 [ERROR] LogOutputStream:74 - [STDERR_REDIRECT] Apr 15, 2023 8:26:26 AM org.glassfish.grizzly.http.server.NetworkListener start
2023-04-15 08:26:26,131 [ERROR] LogOutputStream:74 - [STDERR_REDIRECT] INFO: Started listener bound to [localhost:1594]
2023-04-15 08:26:26,131 [ERROR] LogOutputStream:74 - [STDERR_REDIRECT] 
2023-04-15 08:26:26,132 [ERROR] LogOutputStream:74 - [STDERR_REDIRECT] Apr 15, 2023 8:26:26 AM org.glassfish.grizzly.http.server.HttpServer start
2023-04-15 08:26:26,132 [ERROR] LogOutputStream:74 - [STDERR_REDIRECT] INFO: [HttpServer] Started.
2023-04-15 08:26:26,133 [ERROR] LogOutputStream:74 - [STDERR_REDIRECT] 
2023-04-15 15:43:50,436 [ERROR] LogOutputStream:74 - [STDERR_REDIRECT] 
2023-04-17 16:00:12,275 [INFO] Activator:177 - 


2023-04-17 16:00:12,276 [INFO] Activator:178 - !SESSION log4j initialized
2023-04-17 16:00:30,385 [ERROR] LogOutputStream:74 - [STDERR_REDIRECT] Apr 17, 2023 4:00:30 PM org.glassfish.grizzly.http.server.NetworkListener start
2023-04-17 16:00:30,389 [ERROR] LogOutputStream:74 - [STDERR_REDIRECT] INFO: Started listener bound to [localhost:1597]
2023-04-17 16:00:30,390 [ERROR] LogOutputStream:74 - [STDERR_REDIRECT] 
2023-04-17 16:00:30,390 [ERROR] LogOutputStream:74 - [STDERR_REDIRECT] Apr 17, 2023 4:00:30 PM org.glassfish.grizzly.http.server.HttpServer start
2023-04-17 16:00:30,391 [ERROR] LogOutputStream:74 - [STDERR_REDIRECT] INFO: [HttpServer] Started.
2023-04-17 16:00:30,391 [ERROR] LogOutputStream:74 - [STDERR_REDIRECT] 
2023-04-17 18:23:52,597 [ERROR] LogOutputStream:74 - [STDERR_REDIRECT] 
2023-04-18 07:11:26,827 [INFO] Activator:177 - 


2023-04-18 07:11:26,828 [INFO] Activator:178 - !SESSION log4j initialized
2023-04-18 07:11:39,277 [ERROR] LogOutputStream:74 - [STDERR_REDIRECT] Apr 18, 2023 7:11:39 AM org.glassfish.grizzly.http.server.NetworkListener start
2023-04-18 07:11:39,279 [ERROR] LogOutputStream:74 - [STDERR_REDIRECT] INFO: Started listener bound to [localhost:1593]
2023-04-18 07:11:39,280 [ERROR] LogOutputStream:74 - [STDERR_REDIRECT] 
2023-04-18 07:11:39,281 [ERROR] LogOutputStream:74 - [STDERR_REDIRECT] Apr 18, 2023 7:11:39 AM org.glassfish.grizzly.http.server.HttpServer start
2023-04-18 07:11:39,281 [ERROR] LogOutputStream:74 - [STDERR_REDIRECT] INFO: [HttpServer] Started.
2023-04-18 07:11:39,281 [ERROR] LogOutputStream:74 - [STDERR_REDIRECT] 
2023-04-18 09:36:09,372 [ERROR] LogOutputStream:74 - [STDERR_REDIRECT] 
2023-04-18 16:54:29,587 [INFO] Activator:177 - 


2023-04-18 16:54:29,589 [INFO] Activator:178 - !SESSION log4j initialized
2023-04-18 16:54:40,511 [ERROR] LogOutputStream:74 - [STDERR_REDIRECT] Apr 18, 2023 4:54:40 PM org.glassfish.grizzly.http.server.NetworkListener start
2023-04-18 16:54:40,512 [ERROR] LogOutputStream:74 - [STDERR_REDIRECT] INFO: Started listener bound to [localhost:1596]
2023-04-18 16:54:40,512 [ERROR] LogOutputStream:74 - [STDERR_REDIRECT] 
2023-04-18 16:54:40,515 [ERROR] LogOutputStream:74 - [STDERR_REDIRECT] Apr 18, 2023 4:54:40 PM org.glassfish.grizzly.http.server.HttpServer start
2023-04-18 16:54:40,515 [ERROR] LogOutputStream:74 - [STDERR_REDIRECT] INFO: [HttpServer] Started.
2023-04-18 16:54:40,515 [ERROR] LogOutputStream:74 - [STDERR_REDIRECT] 
2023-04-18 17:01:49,837 [ERROR] LogOutputStream:74 - [STDERR_REDIRECT] 
2023-04-18 17:02:09,612 [INFO] Activator:177 - 


2023-04-18 17:02:09,613 [INFO] Activator:178 - !SESSION log4j initialized
2023-04-18 17:02:19,693 [ERROR] LogOutputStream:74 - [STDERR_REDIRECT] Apr 18, 2023 5:02:19 PM org.glassfish.grizzly.http.server.NetworkListener start
2023-04-18 17:02:19,694 [ERROR] LogOutputStream:74 - [STDERR_REDIRECT] INFO: Started listener bound to [localhost:1595]
2023-04-18 17:02:19,695 [ERROR] LogOutputStream:74 - [STDERR_REDIRECT] 
2023-04-18 17:02:19,696 [ERROR] LogOutputStream:74 - [STDERR_REDIRECT] Apr 18, 2023 5:02:19 PM org.glassfish.grizzly.http.server.HttpServer start
2023-04-18 17:02:19,697 [ERROR] LogOutputStream:74 - [STDERR_REDIRECT] INFO: [HttpServer] Started.
2023-04-18 17:02:19,697 [ERROR] LogOutputStream:74 - [STDERR_REDIRECT] 
2023-04-18 21:16:50,112 [ERROR] LogOutputStream:74 - [STDERR_REDIRECT] 
2023-04-19 08:22:38,783 [INFO] Activator:177 - 


2023-04-19 08:22:38,784 [INFO] Activator:178 - !SESSION log4j initialized
2023-04-19 08:22:49,351 [ERROR] LogOutputStream:74 - [STDERR_REDIRECT] Apr 19, 2023 8:22:49 AM org.glassfish.grizzly.http.server.NetworkListener start
2023-04-19 08:22:49,359 [ERROR] LogOutputStream:74 - [STDERR_REDIRECT] INFO: Started listener bound to [localhost:1596]
2023-04-19 08:22:49,359 [ERROR] LogOutputStream:74 - [STDERR_REDIRECT] 
2023-04-19 08:22:49,361 [ERROR] LogOutputStream:74 - [STDERR_REDIRECT] Apr 19, 2023 8:22:49 AM org.glassfish.grizzly.http.server.HttpServer start
2023-04-19 08:22:49,361 [ERROR] LogOutputStream:74 - [STDERR_REDIRECT] INFO: [HttpServer] Started.
2023-04-19 08:22:49,361 [ERROR] LogOutputStream:74 - [STDERR_REDIRECT] 
2023-04-19 10:54:36,745 [ERROR] LogOutputStream:74 - [STDERR_REDIRECT] 
2023-04-19 10:55:07,781 [INFO] Activator:177 - 


2023-04-19 10:55:07,783 [INFO] Activator:178 - !SESSION log4j initialized
2023-04-19 10:55:17,890 [ERROR] LogOutputStream:74 - [STDERR_REDIRECT] Apr 19, 2023 10:55:17 AM org.glassfish.grizzly.http.server.NetworkListener start
2023-04-19 10:55:17,894 [ERROR] LogOutputStream:74 - [STDERR_REDIRECT] INFO: Started listener bound to [localhost:1596]
2023-04-19 10:55:17,894 [ERROR] LogOutputStream:74 - [STDERR_REDIRECT] 
2023-04-19 10:55:17,896 [ERROR] LogOutputStream:74 - [STDERR_REDIRECT] Apr 19, 2023 10:55:17 AM org.glassfish.grizzly.http.server.HttpServer start
2023-04-19 10:55:17,896 [ERROR] LogOutputStream:74 - [STDERR_REDIRECT] INFO: [HttpServer] Started.
2023-04-19 10:55:17,896 [ERROR] LogOutputStream:74 - [STDERR_REDIRECT] 
2023-04-19 16:05:27,737 [ERROR] LogOutputStream:74 - [STDERR_REDIRECT] 
2023-04-21 17:24:59,950 [INFO] Activator:177 - 


2023-04-21 17:24:59,952 [INFO] Activator:178 - !SESSION log4j initialized
2023-04-21 17:25:12,349 [ERROR] LogOutputStream:74 - [STDERR_REDIRECT] Apr 21, 2023 5:25:12 PM org.glassfish.grizzly.http.server.NetworkListener start
2023-04-21 17:25:12,356 [ERROR] LogOutputStream:74 - [STDERR_REDIRECT] INFO: Started listener bound to [localhost:1597]
2023-04-21 17:25:12,356 [ERROR] LogOutputStream:74 - [STDERR_REDIRECT] 
2023-04-21 17:25:12,357 [ERROR] LogOutputStream:74 - [STDERR_REDIRECT] Apr 21, 2023 5:25:12 PM org.glassfish.grizzly.http.server.HttpServer start
2023-04-21 17:25:12,357 [ERROR] LogOutputStream:74 - [STDERR_REDIRECT] INFO: [HttpServer] Started.
2023-04-21 17:25:12,357 [ERROR] LogOutputStream:74 - [STDERR_REDIRECT] 
2023-04-22 13:54:55,953 [ERROR] LogOutputStream:74 - [STDERR_REDIRECT] 
2023-04-24 09:18:13,392 [INFO] Activator:177 - 


2023-04-24 09:18:13,394 [INFO] Activator:178 - !SESSION log4j initialized
2023-04-24 09:18:24,457 [ERROR] LogOutputStream:74 - [STDERR_REDIRECT] Apr 24, 2023 9:18:24 AM org.glassfish.grizzly.http.server.NetworkListener start
2023-04-24 09:18:24,458 [ERROR] LogOutputStream:74 - [STDERR_REDIRECT] INFO: Started listener bound to [localhost:1597]
2023-04-24 09:18:24,459 [ERROR] LogOutputStream:74 - [STDERR_REDIRECT] 
2023-04-24 09:18:24,461 [ERROR] LogOutputStream:74 - [STDERR_REDIRECT] Apr 24, 2023 9:18:24 AM org.glassfish.grizzly.http.server.HttpServer start
2023-04-24 09:18:24,461 [ERROR] LogOutputStream:74 - [STDERR_REDIRECT] INFO: [HttpServer] Started.
2023-04-24 09:18:24,461 [ERROR] LogOutputStream:74 - [STDERR_REDIRECT] 
2023-04-24 09:19:31,939 [ERROR] LogOutputStream:74 - [STDERR_REDIRECT] 
2023-04-24 13:31:47,942 [INFO] Activator:177 - 


2023-04-24 13:31:47,943 [INFO] Activator:178 - !SESSION log4j initialized
2023-04-24 13:31:56,624 [ERROR] LogOutputStream:74 - [STDERR_REDIRECT] Apr 24, 2023 1:31:56 PM org.glassfish.grizzly.http.server.NetworkListener start
2023-04-24 13:31:56,625 [ERROR] LogOutputStream:74 - [STDERR_REDIRECT] INFO: Started listener bound to [localhost:1593]
2023-04-24 13:31:56,625 [ERROR] LogOutputStream:74 - [STDERR_REDIRECT] 
2023-04-24 13:31:56,626 [ERROR] LogOutputStream:74 - [STDERR_REDIRECT] Apr 24, 2023 1:31:56 PM org.glassfish.grizzly.http.server.HttpServer start
2023-04-24 13:31:56,626 [ERROR] LogOutputStream:74 - [STDERR_REDIRECT] INFO: [HttpServer] Started.
2023-04-24 13:31:56,626 [ERROR] LogOutputStream:74 - [STDERR_REDIRECT] 
2023-04-24 15:29:12,556 [ERROR] LogOutputStream:74 - [STDERR_REDIRECT] 
2023-04-24 15:50:36,265 [INFO] Activator:177 - 


2023-04-24 15:50:36,267 [INFO] Activator:178 - !SESSION log4j initialized
2023-04-24 15:50:46,727 [ERROR] LogOutputStream:74 - [STDERR_REDIRECT] Apr 24, 2023 3:50:46 PM org.glassfish.grizzly.http.server.NetworkListener start
2023-04-24 15:50:46,728 [ERROR] LogOutputStream:74 - [STDERR_REDIRECT] INFO: Started listener bound to [localhost:1597]
2023-04-24 15:50:46,728 [ERROR] LogOutputStream:74 - [STDERR_REDIRECT] 
2023-04-24 15:50:46,730 [ERROR] LogOutputStream:74 - [STDERR_REDIRECT] Apr 24, 2023 3:50:46 PM org.glassfish.grizzly.http.server.HttpServer start
2023-04-24 15:50:46,730 [ERROR] LogOutputStream:74 - [STDERR_REDIRECT] INFO: [HttpServer] Started.
2023-04-24 15:50:46,730 [ERROR] LogOutputStream:74 - [STDERR_REDIRECT] 
2023-04-24 16:03:32,240 [ERROR] LogOutputStream:74 - [STDERR_REDIRECT] 
2023-04-25 09:00:51,440 [INFO] Activator:177 - 


2023-04-25 09:00:51,443 [INFO] Activator:178 - !SESSION log4j initialized
2023-04-25 09:01:04,338 [ERROR] LogOutputStream:74 - [STDERR_REDIRECT] Apr 25, 2023 9:01:04 AM org.glassfish.grizzly.http.server.NetworkListener start
2023-04-25 09:01:04,339 [ERROR] LogOutputStream:74 - [STDERR_REDIRECT] INFO: Started listener bound to [localhost:1596]
2023-04-25 09:01:04,339 [ERROR] LogOutputStream:74 - [STDERR_REDIRECT] 
2023-04-25 09:01:04,340 [ERROR] LogOutputStream:74 - [STDERR_REDIRECT] Apr 25, 2023 9:01:04 AM org.glassfish.grizzly.http.server.HttpServer start
2023-04-25 09:01:04,341 [ERROR] LogOutputStream:74 - [STDERR_REDIRECT] INFO: [HttpServer] Started.
2023-04-25 09:01:04,341 [ERROR] LogOutputStream:74 - [STDERR_REDIRECT] 
2023-04-25 10:12:06,714 [ERROR] LogOutputStream:74 - [STDERR_REDIRECT] 
2023-04-25 11:21:59,735 [INFO] Activator:177 - 


2023-04-25 11:21:59,736 [INFO] Activator:178 - !SESSION log4j initialized
2023-04-25 11:22:10,228 [ERROR] LogOutputStream:74 - [STDERR_REDIRECT] Apr 25, 2023 11:22:10 AM org.glassfish.grizzly.http.server.NetworkListener start
2023-04-25 11:22:10,229 [ERROR] LogOutputStream:74 - [STDERR_REDIRECT] INFO: Started listener bound to [localhost:1593]
2023-04-25 11:22:10,229 [ERROR] LogOutputStream:74 - [STDERR_REDIRECT] 
2023-04-25 11:22:10,230 [ERROR] LogOutputStream:74 - [STDERR_REDIRECT] Apr 25, 2023 11:22:10 AM org.glassfish.grizzly.http.server.HttpServer start
2023-04-25 11:22:10,230 [ERROR] LogOutputStream:74 - [STDERR_REDIRECT] INFO: [HttpServer] Started.
2023-04-25 11:22:10,230 [ERROR] LogOutputStream:74 - [STDERR_REDIRECT] 
2023-04-25 12:17:59,357 [ERROR] LogOutputStream:74 - [STDERR_REDIRECT] 
2023-04-26 08:25:03,495 [INFO] Activator:177 - 


2023-04-26 08:25:03,497 [INFO] Activator:178 - !SESSION log4j initialized
2023-04-26 08:25:14,406 [ERROR] LogOutputStream:74 - [STDERR_REDIRECT] Apr 26, 2023 8:25:14 AM org.glassfish.grizzly.http.server.NetworkListener start
2023-04-26 08:25:14,413 [ERROR] LogOutputStream:74 - [STDERR_REDIRECT] INFO: Started listener bound to [localhost:1593]
2023-04-26 08:25:14,413 [ERROR] LogOutputStream:74 - [STDERR_REDIRECT] 
2023-04-26 08:25:14,414 [ERROR] LogOutputStream:74 - [STDERR_REDIRECT] Apr 26, 2023 8:25:14 AM org.glassfish.grizzly.http.server.HttpServer start
2023-04-26 08:25:14,415 [ERROR] LogOutputStream:74 - [STDERR_REDIRECT] INFO: [HttpServer] Started.
2023-04-26 08:25:14,415 [ERROR] LogOutputStream:74 - [STDERR_REDIRECT] 
2023-04-26 16:08:34,503 [ERROR] LogOutputStream:74 - [STDERR_REDIRECT] 
2023-04-28 08:43:11,381 [INFO] Activator:177 - 


2023-04-28 08:43:11,383 [INFO] Activator:178 - !SESSION log4j initialized
2023-04-28 08:43:21,994 [ERROR] LogOutputStream:74 - [STDERR_REDIRECT] Apr 28, 2023 8:43:21 AM org.glassfish.grizzly.http.server.NetworkListener start
2023-04-28 08:43:21,995 [ERROR] LogOutputStream:74 - [STDERR_REDIRECT] INFO: Started listener bound to [localhost:1595]
2023-04-28 08:43:21,995 [ERROR] LogOutputStream:74 - [STDERR_REDIRECT] 
2023-04-28 08:43:21,998 [ERROR] LogOutputStream:74 - [STDERR_REDIRECT] Apr 28, 2023 8:43:21 AM org.glassfish.grizzly.http.server.HttpServer start
2023-04-28 08:43:21,999 [ERROR] LogOutputStream:74 - [STDERR_REDIRECT] INFO: [HttpServer] Started.
2023-04-28 08:43:21,999 [ERROR] LogOutputStream:74 - [STDERR_REDIRECT] 
2023-04-28 09:01:50,957 [ERROR] LogOutputStream:74 - [STDERR_REDIRECT] 
2023-04-28 09:29:38,709 [INFO] Activator:177 - 


2023-04-28 09:29:38,711 [INFO] Activator:178 - !SESSION log4j initialized
2023-04-28 09:29:51,821 [ERROR] LogOutputStream:74 - [STDERR_REDIRECT] Apr 28, 2023 9:29:51 AM org.glassfish.grizzly.http.server.NetworkListener start
2023-04-28 09:29:51,822 [ERROR] LogOutputStream:74 - [STDERR_REDIRECT] INFO: Started listener bound to [localhost:1597]
2023-04-28 09:29:51,822 [ERROR] LogOutputStream:74 - [STDERR_REDIRECT] 
2023-04-28 09:29:51,824 [ERROR] LogOutputStream:74 - [STDERR_REDIRECT] Apr 28, 2023 9:29:51 AM org.glassfish.grizzly.http.server.HttpServer start
2023-04-28 09:29:51,824 [ERROR] LogOutputStream:74 - [STDERR_REDIRECT] INFO: [HttpServer] Started.
2023-04-28 09:29:51,825 [ERROR] LogOutputStream:74 - [STDERR_REDIRECT] 
2023-04-28 09:48:23,470 [ERROR] LogOutputStream:74 - [STDERR_REDIRECT] 
2023-04-28 14:09:58,981 [INFO] Activator:177 - 


2023-04-28 14:09:58,983 [INFO] Activator:178 - !SESSION log4j initialized
2023-04-28 14:10:11,678 [ERROR] LogOutputStream:74 - [STDERR_REDIRECT] Apr 28, 2023 2:10:11 PM org.glassfish.grizzly.http.server.NetworkListener start
2023-04-28 14:10:11,679 [ERROR] LogOutputStream:74 - [STDERR_REDIRECT] INFO: Started listener bound to [localhost:1598]
2023-04-28 14:10:11,680 [ERROR] LogOutputStream:74 - [STDERR_REDIRECT] 
2023-04-28 14:10:11,681 [ERROR] LogOutputStream:74 - [STDERR_REDIRECT] Apr 28, 2023 2:10:11 PM org.glassfish.grizzly.http.server.HttpServer start
2023-04-28 14:10:11,681 [ERROR] LogOutputStream:74 - [STDERR_REDIRECT] INFO: [HttpServer] Started.
2023-04-28 14:10:11,682 [ERROR] LogOutputStream:74 - [STDERR_REDIRECT] 
2023-04-28 16:36:21,772 [ERROR] LogOutputStream:74 - [STDERR_REDIRECT] Exception in thread "ModalContext" org.eclipse.swt.SWTException: Device is disposed
2023-04-28 16:36:21,773 [ERROR] LogOutputStream:74 - [STDERR_REDIRECT] 	at org.eclipse.swt.SWT.error(SWT.java:4918)
2023-04-28 16:36:21,773 [ERROR] LogOutputStream:74 - [STDERR_REDIRECT] 	at org.eclipse.swt.SWT.error(SWT.java:4833)
2023-04-28 16:36:21,777 [ERROR] LogOutputStream:74 - [STDERR_REDIRECT] 	at org.eclipse.swt.SWT.error(SWT.java:4804)
2023-04-28 16:36:21,777 [ERROR] LogOutputStream:74 - [STDERR_REDIRECT] 	at org.eclipse.swt.widgets.Display.error(Display.java:1518)
2023-04-28 16:36:21,777 [ERROR] LogOutputStream:74 - [STDERR_REDIRECT] 	at org.eclipse.swt.widgets.Display.asyncExec(Display.java:930)
2023-04-28 16:36:21,777 [ERROR] LogOutputStream:74 - [STDERR_REDIRECT] 	at org.eclipse.jface.operation.AccumulatingProgressMonitor.done(AccumulatingProgressMonitor.java:183)
2023-04-28 16:36:21,777 [ERROR] LogOutputStream:74 - [STDERR_REDIRECT] 	at org.eclipse.jface.operation.ModalContext$ModalContextThread.run(ModalContext.java:131)
2023-05-02 08:07:08,466 [INFO] Activator:177 - 


2023-05-02 08:07:08,468 [INFO] Activator:178 - !SESSION log4j initialized
2023-05-02 08:07:19,138 [ERROR] LogOutputStream:74 - [STDERR_REDIRECT] May 02, 2023 8:07:19 AM org.glassfish.grizzly.http.server.NetworkListener start
2023-05-02 08:07:19,139 [ERROR] LogOutputStream:74 - [STDERR_REDIRECT] INFO: Started listener bound to [localhost:1593]
2023-05-02 08:07:19,139 [ERROR] LogOutputStream:74 - [STDERR_REDIRECT] 
2023-05-02 08:07:19,141 [ERROR] LogOutputStream:74 - [STDERR_REDIRECT] May 02, 2023 8:07:19 AM org.glassfish.grizzly.http.server.HttpServer start
2023-05-02 08:07:19,141 [ERROR] LogOutputStream:74 - [STDERR_REDIRECT] INFO: [HttpServer] Started.
2023-05-02 08:07:19,142 [ERROR] LogOutputStream:74 - [STDERR_REDIRECT] 
2023-05-02 13:38:01,447 [INFO] Activator:177 - 


2023-05-02 13:38:01,449 [INFO] Activator:178 - !SESSION log4j initialized
2023-05-02 13:38:11,704 [ERROR] LogOutputStream:74 - [STDERR_REDIRECT] May 02, 2023 1:38:11 PM org.glassfish.grizzly.http.server.NetworkListener start
2023-05-02 13:38:11,717 [ERROR] LogOutputStream:74 - [STDERR_REDIRECT] INFO: Started listener bound to [localhost:1596]
2023-05-02 13:38:11,717 [ERROR] LogOutputStream:74 - [STDERR_REDIRECT] 
2023-05-02 13:38:11,718 [ERROR] LogOutputStream:74 - [STDERR_REDIRECT] May 02, 2023 1:38:11 PM org.glassfish.grizzly.http.server.HttpServer start
2023-05-02 13:38:11,718 [ERROR] LogOutputStream:74 - [STDERR_REDIRECT] INFO: [HttpServer] Started.
2023-05-02 13:38:11,718 [ERROR] LogOutputStream:74 - [STDERR_REDIRECT] 
2023-05-02 17:03:36,763 [ERROR] LogOutputStream:74 - [STDERR_REDIRECT] 
2023-05-09 17:07:31,241 [INFO] Activator:177 - 


2023-05-09 17:07:31,244 [INFO] Activator:178 - !SESSION log4j initialized
2023-05-09 17:07:43,781 [ERROR] LogOutputStream:74 - [STDERR_REDIRECT] May 09, 2023 5:07:43 PM org.glassfish.grizzly.http.server.NetworkListener start
2023-05-09 17:07:43,785 [ERROR] LogOutputStream:74 - [STDERR_REDIRECT] INFO: Started listener bound to [localhost:1598]
2023-05-09 17:07:43,786 [ERROR] LogOutputStream:74 - [STDERR_REDIRECT] 
2023-05-09 17:07:43,787 [ERROR] LogOutputStream:74 - [STDERR_REDIRECT] May 09, 2023 5:07:43 PM org.glassfish.grizzly.http.server.HttpServer start
2023-05-09 17:07:43,787 [ERROR] LogOutputStream:74 - [STDERR_REDIRECT] INFO: [HttpServer] Started.
2023-05-09 17:07:43,788 [ERROR] LogOutputStream:74 - [STDERR_REDIRECT] 
2023-05-09 17:36:07,537 [ERROR] LogOutputStream:74 - [STDERR_REDIRECT] 
2023-05-10 07:56:07,221 [INFO] Activator:177 - 


2023-05-10 07:56:07,223 [INFO] Activator:178 - !SESSION log4j initialized
2023-05-10 07:56:19,684 [ERROR] LogOutputStream:74 - [STDERR_REDIRECT] May 10, 2023 7:56:19 AM org.glassfish.grizzly.http.server.NetworkListener start
2023-05-10 07:56:19,697 [ERROR] LogOutputStream:74 - [STDERR_REDIRECT] INFO: Started listener bound to [localhost:1593]
2023-05-10 07:56:19,698 [ERROR] LogOutputStream:74 - [STDERR_REDIRECT] 
2023-05-10 07:56:19,699 [ERROR] LogOutputStream:74 - [STDERR_REDIRECT] May 10, 2023 7:56:19 AM org.glassfish.grizzly.http.server.HttpServer start
2023-05-10 07:56:19,700 [ERROR] LogOutputStream:74 - [STDERR_REDIRECT] INFO: [HttpServer] Started.
2023-05-10 07:56:19,700 [ERROR] LogOutputStream:74 - [STDERR_REDIRECT] 
2023-05-10 16:56:06,961 [ERROR] LogOutputStream:74 - [STDERR_REDIRECT] 
2023-05-11 10:43:24,211 [INFO] Activator:177 - 


2023-05-11 10:43:24,213 [INFO] Activator:178 - !SESSION log4j initialized
2023-05-11 10:43:34,812 [ERROR] LogOutputStream:74 - [STDERR_REDIRECT] May 11, 2023 10:43:34 AM org.glassfish.grizzly.http.server.NetworkListener start
2023-05-11 10:43:34,813 [ERROR] LogOutputStream:74 - [STDERR_REDIRECT] INFO: Started listener bound to [localhost:1597]
2023-05-11 10:43:34,815 [ERROR] LogOutputStream:74 - [STDERR_REDIRECT] 
2023-05-11 10:43:34,816 [ERROR] LogOutputStream:74 - [STDERR_REDIRECT] May 11, 2023 10:43:34 AM org.glassfish.grizzly.http.server.HttpServer start
2023-05-11 10:43:34,817 [ERROR] LogOutputStream:74 - [STDERR_REDIRECT] INFO: [HttpServer] Started.
2023-05-11 10:43:34,817 [ERROR] LogOutputStream:74 - [STDERR_REDIRECT] 
2023-05-11 16:59:53,679 [ERROR] LogOutputStream:74 - [STDERR_REDIRECT] 
2023-05-15 08:33:32,487 [INFO] Activator:177 - 


2023-05-15 08:33:32,490 [INFO] Activator:178 - !SESSION log4j initialized
2023-05-15 08:33:42,251 [ERROR] LogOutputStream:74 - [STDERR_REDIRECT] May 15, 2023 8:33:42 AM org.glassfish.grizzly.http.server.NetworkListener start
2023-05-15 08:33:42,252 [ERROR] LogOutputStream:74 - [STDERR_REDIRECT] INFO: Started listener bound to [localhost:1593]
2023-05-15 08:33:42,253 [ERROR] LogOutputStream:74 - [STDERR_REDIRECT] 
2023-05-15 08:33:42,254 [ERROR] LogOutputStream:74 - [STDERR_REDIRECT] May 15, 2023 8:33:42 AM org.glassfish.grizzly.http.server.HttpServer start
2023-05-15 08:33:42,255 [ERROR] LogOutputStream:74 - [STDERR_REDIRECT] INFO: [HttpServer] Started.
2023-05-15 08:33:42,255 [ERROR] LogOutputStream:74 - [STDERR_REDIRECT] 
2023-05-15 15:32:26,691 [ERROR] LogOutputStream:74 - [STDERR_REDIRECT] 
2023-05-16 09:18:28,892 [INFO] Activator:177 - 


2023-05-16 09:18:28,894 [INFO] Activator:178 - !SESSION log4j initialized
2023-05-16 09:18:38,795 [ERROR] LogOutputStream:74 - [STDERR_REDIRECT] May 16, 2023 9:18:38 AM org.glassfish.grizzly.http.server.NetworkListener start
2023-05-16 09:18:38,796 [ERROR] LogOutputStream:74 - [STDERR_REDIRECT] INFO: Started listener bound to [localhost:1596]
2023-05-16 09:18:38,796 [ERROR] LogOutputStream:74 - [STDERR_REDIRECT] 
2023-05-16 09:18:38,798 [ERROR] LogOutputStream:74 - [STDERR_REDIRECT] May 16, 2023 9:18:38 AM org.glassfish.grizzly.http.server.HttpServer start
2023-05-16 09:18:38,799 [ERROR] LogOutputStream:74 - [STDERR_REDIRECT] INFO: [HttpServer] Started.
2023-05-16 09:18:38,799 [ERROR] LogOutputStream:74 - [STDERR_REDIRECT] 
2023-05-16 11:04:54,398 [ERROR] LogOutputStream:74 - [STDERR_REDIRECT] 
2023-05-16 12:03:07,544 [INFO] Activator:177 - 


2023-05-16 12:03:07,546 [INFO] Activator:178 - !SESSION log4j initialized
2023-05-16 12:03:18,859 [ERROR] LogOutputStream:74 - [STDERR_REDIRECT] May 16, 2023 12:03:18 PM org.glassfish.grizzly.http.server.NetworkListener start
2023-05-16 12:03:18,860 [ERROR] LogOutputStream:74 - [STDERR_REDIRECT] INFO: Started listener bound to [localhost:1593]
2023-05-16 12:03:18,860 [ERROR] LogOutputStream:74 - [STDERR_REDIRECT] 
2023-05-16 12:03:18,861 [ERROR] LogOutputStream:74 - [STDERR_REDIRECT] May 16, 2023 12:03:18 PM org.glassfish.grizzly.http.server.HttpServer start
2023-05-16 12:03:18,861 [ERROR] LogOutputStream:74 - [STDERR_REDIRECT] INFO: [HttpServer] Started.
2023-05-16 12:03:18,862 [ERROR] LogOutputStream:74 - [STDERR_REDIRECT] 
2023-05-16 12:11:24,668 [ERROR] LogOutputStream:74 - [STDERR_REDIRECT] 
2023-05-17 09:21:29,975 [INFO] Activator:177 - 


2023-05-17 09:21:29,977 [INFO] Activator:178 - !SESSION log4j initialized
2023-05-17 09:21:40,192 [ERROR] LogOutputStream:74 - [STDERR_REDIRECT] May 17, 2023 9:21:40 AM org.glassfish.grizzly.http.server.NetworkListener start
2023-05-17 09:21:40,193 [ERROR] LogOutputStream:74 - [STDERR_REDIRECT] INFO: Started listener bound to [localhost:1593]
2023-05-17 09:21:40,193 [ERROR] LogOutputStream:74 - [STDERR_REDIRECT] 
2023-05-17 09:21:40,196 [ERROR] LogOutputStream:74 - [STDERR_REDIRECT] May 17, 2023 9:21:40 AM org.glassfish.grizzly.http.server.HttpServer start
2023-05-17 09:21:40,196 [ERROR] LogOutputStream:74 - [STDERR_REDIRECT] INFO: [HttpServer] Started.
2023-05-17 09:21:40,196 [ERROR] LogOutputStream:74 - [STDERR_REDIRECT] 
2023-05-17 10:10:33,254 [ERROR] LogOutputStream:74 - [STDERR_REDIRECT] 
2023-07-04 08:39:36,492 [INFO] Activator:177 - 


2023-07-04 08:39:36,494 [INFO] Activator:178 - !SESSION log4j initialized
2023-07-04 08:39:46,575 [ERROR] LogOutputStream:74 - [STDERR_REDIRECT] Jul 04, 2023 8:39:46 AM org.glassfish.grizzly.http.server.NetworkListener start
2023-07-04 08:39:46,576 [ERROR] LogOutputStream:74 - [STDERR_REDIRECT] INFO: Started listener bound to [localhost:1597]
2023-07-04 08:39:46,576 [ERROR] LogOutputStream:74 - [STDERR_REDIRECT] 
2023-07-04 08:39:46,578 [ERROR] LogOutputStream:74 - [STDERR_REDIRECT] Jul 04, 2023 8:39:46 AM org.glassfish.grizzly.http.server.HttpServer start
2023-07-04 08:39:46,578 [ERROR] LogOutputStream:74 - [STDERR_REDIRECT] INFO: [HttpServer] Started.
2023-07-04 08:39:46,578 [ERROR] LogOutputStream:74 - [STDERR_REDIRECT] 
2023-07-04 16:22:59,250 [ERROR] LogOutputStream:74 - [STDERR_REDIRECT] 
2023-07-06 08:16:19,223 [INFO] Activator:177 - 


2023-07-06 08:16:19,225 [INFO] Activator:178 - !SESSION log4j initialized
2023-07-06 08:16:28,976 [ERROR] LogOutputStream:74 - [STDERR_REDIRECT] Jul 06, 2023 8:16:28 AM org.glassfish.grizzly.http.server.NetworkListener start
2023-07-06 08:16:28,977 [ERROR] LogOutputStream:74 - [STDERR_REDIRECT] INFO: Started listener bound to [localhost:1595]
2023-07-06 08:16:28,977 [ERROR] LogOutputStream:74 - [STDERR_REDIRECT] 
2023-07-06 08:16:28,978 [ERROR] LogOutputStream:74 - [STDERR_REDIRECT] Jul 06, 2023 8:16:28 AM org.glassfish.grizzly.http.server.HttpServer start
2023-07-06 08:16:28,979 [ERROR] LogOutputStream:74 - [STDERR_REDIRECT] INFO: [HttpServer] Started.
2023-07-06 08:16:28,979 [ERROR] LogOutputStream:74 - [STDERR_REDIRECT] 
2023-07-06 08:18:02,769 [ERROR] LogOutputStream:74 - [STDERR_REDIRECT] 
2023-08-14 09:40:27,187 [INFO] Activator:177 - 


2023-08-14 09:40:27,189 [INFO] Activator:178 - !SESSION log4j initialized
2023-08-14 09:40:38,154 [ERROR] LogOutputStream:74 - [STDERR_REDIRECT] Aug 14, 2023 9:40:38 AM org.glassfish.grizzly.http.server.NetworkListener start
2023-08-14 09:40:38,158 [ERROR] LogOutputStream:74 - [STDERR_REDIRECT] INFO: Started listener bound to [localhost:1593]
2023-08-14 09:40:38,159 [ERROR] LogOutputStream:74 - [STDERR_REDIRECT] 
2023-08-14 09:40:38,161 [ERROR] LogOutputStream:74 - [STDERR_REDIRECT] Aug 14, 2023 9:40:38 AM org.glassfish.grizzly.http.server.HttpServer start
2023-08-14 09:40:38,161 [ERROR] LogOutputStream:74 - [STDERR_REDIRECT] INFO: [HttpServer] Started.
2023-08-14 09:40:38,161 [ERROR] LogOutputStream:74 - [STDERR_REDIRECT] 
2023-08-14 09:58:30,502 [ERROR] LogOutputStream:74 - [STDERR_REDIRECT] 
